<?xml version="1.0" encoding="UTF-8"?>
<testsuite xmlns:xsi="http://www.w3.org/2001/XMLSchema-instance" xsi:noNamespaceSchemaLocation="https://maven.apache.org/surefire/maven-surefire-plugin/xsd/surefire-test-report-3.0.xsd" version="3.0" name="com.appsdeveloperblog.ws.products.ProductsServiceIntegrationTest" time="4.178" tests="1" errors="0" skipped="0" failures="0">
  <properties>
[...]
</properties>
  <testcase name="testCreateProduct_whenGivenValidProductDetails_successfullSendsKafkaMessage" classname="com.appsdeveloperblog.ws.products.ProductsServiceIntegrationTest" time="0.429">
    <system-out><![CDATA[19:42:07.687 [main] INFO org.springframework.test.context.support.AnnotationConfigContextLoaderUtils -- Could not detect default configuration classes for test class [com.appsdeveloperblog.ws.products.ProductsServiceIntegrationTest]: ProductsServiceIntegrationTest does not declare any static, non-private, non-final, nested classes annotated with @Configuration.
19:42:07.739 [main] INFO org.springframework.boot.test.context.SpringBootTestContextBootstrapper -- Found @SpringBootConfiguration com.appsdeveloperblog.ws.products.ProductsMicroserviceApplication for test class com.appsdeveloperblog.ws.products.ProductsServiceIntegrationTest

  .   ____          _            __ _ _
 /\\ / ___'_ __ _ _(_)_ __  __ _ \ \ \ \
( ( )\___ | '_ | '_| | '_ \/ _` | \ \ \ \
 \\/  ___)| |_)| | | | | || (_| |  ) ) ) )
  '  |____| .__|_| |_|_| |_\__, | / / / /
 =========|_|==============|___/=/_/_/_/
 :: Spring Boot ::                (v3.1.5)

2025-12-18T19:42:08.083+01:00  INFO 904283 --- [           main] k.utils.Log4jControllerRegistration$     : Registered kafka:type=kafka.Log4jController MBean
2025-12-18T19:42:08.099+01:00  INFO 904283 --- [           main] o.a.zookeeper.server.ZooKeeperServer     : 
2025-12-18T19:42:08.100+01:00  INFO 904283 --- [           main] o.a.zookeeper.server.ZooKeeperServer     :   ______                  _                                          
2025-12-18T19:42:08.100+01:00  INFO 904283 --- [           main] o.a.zookeeper.server.ZooKeeperServer     :  |___  /                 | |                                         
2025-12-18T19:42:08.100+01:00  INFO 904283 --- [           main] o.a.zookeeper.server.ZooKeeperServer     :     / /    ___     ___   | | __   ___    ___   _ __     ___   _ __   
2025-12-18T19:42:08.100+01:00  INFO 904283 --- [           main] o.a.zookeeper.server.ZooKeeperServer     :    / /    / _ \   / _ \  | |/ /  / _ \  / _ \ | '_ \   / _ \ | '__|
2025-12-18T19:42:08.100+01:00  INFO 904283 --- [           main] o.a.zookeeper.server.ZooKeeperServer     :   / /__  | (_) | | (_) | |   <  |  __/ |  __/ | |_) | |  __/ | |    
2025-12-18T19:42:08.100+01:00  INFO 904283 --- [           main] o.a.zookeeper.server.ZooKeeperServer     :  /_____|  \___/   \___/  |_|\_\  \___|  \___| | .__/   \___| |_|
2025-12-18T19:42:08.100+01:00  INFO 904283 --- [           main] o.a.zookeeper.server.ZooKeeperServer     :                                               | |                     
2025-12-18T19:42:08.100+01:00  INFO 904283 --- [           main] o.a.zookeeper.server.ZooKeeperServer     :                                               |_|                     
2025-12-18T19:42:08.100+01:00  INFO 904283 --- [           main] o.a.zookeeper.server.ZooKeeperServer     : 
2025-12-18T19:42:08.102+01:00  INFO 904283 --- [           main] o.a.zookeeper.server.ZooKeeperServer     : Server environment:zookeeper.version=3.6.3--6401e4ad2087061bc6b9f80dec2d69f2e3c8660a, built on 04/08/2021 16:35 GMT
2025-12-18T19:42:08.103+01:00  INFO 904283 --- [           main] o.a.zookeeper.server.ZooKeeperServer     : Server environment:host.name=fguira-MS-7D22
2025-12-18T19:42:08.103+01:00  INFO 904283 --- [           main] o.a.zookeeper.server.ZooKeeperServer     : Server environment:java.version=17.0.17
2025-12-18T19:42:08.103+01:00  INFO 904283 --- [           main] o.a.zookeeper.server.ZooKeeperServer     : Server environment:java.vendor=Ubuntu
2025-12-18T19:42:08.103+01:00  INFO 904283 --- [           main] o.a.zookeeper.server.ZooKeeperServer     : Server environment:java.home=/usr/lib/jvm/java-17-openjdk-amd64
2025-12-18T19:42:08.103+01:00  INFO 904283 --- [           main] o.a.zookeeper.server.ZooKeeperServer     : Server environment:java.class.path=/home/fguira/Personal_Projects/2025/kafka/Course/Part_section_from_1_to_14/ProductsMicroservice/target/test-classes:/home/fguira/Personal_Projects/2025/kafka/Course/Part_section_from_1_to_14/ProductsMicroservice/target/classes:/home/fguira/.m2/repository/com/appsdeveloperblog/ws/core/0.0.1-SNAPSHOT/core-0.0.1-SNAPSHOT.jar:/home/fguira/.m2/repository/org/springframework/boot/spring-boot-starter-actuator/3.1.5/spring-boot-starter-actuator-3.1.5.jar:/home/fguira/.m2/repository/org/springframework/boot/spring-boot-starter/3.1.5/spring-boot-starter-3.1.5.jar:/home/fguira/.m2/repository/org/springframework/boot/spring-boot/3.1.5/spring-boot-3.1.5.jar:/home/fguira/.m2/repository/org/springframework/boot/spring-boot-autoconfigure/3.1.5/spring-boot-autoconfigure-3.1.5.jar:/home/fguira/.m2/repository/org/springframework/boot/spring-boot-starter-logging/3.1.5/spring-boot-starter-logging-3.1.5.jar:/home/fguira/.m2/repository/ch/qos/logback/logback-classic/1.4.11/logback-classic-1.4.11.jar:/home/fguira/.m2/repository/ch/qos/logback/logback-core/1.4.11/logback-core-1.4.11.jar:/home/fguira/.m2/repository/org/apache/logging/log4j/log4j-to-slf4j/2.20.0/log4j-to-slf4j-2.20.0.jar:/home/fguira/.m2/repository/org/apache/logging/log4j/log4j-api/2.20.0/log4j-api-2.20.0.jar:/home/fguira/.m2/repository/org/slf4j/jul-to-slf4j/2.0.9/jul-to-slf4j-2.0.9.jar:/home/fguira/.m2/repository/jakarta/annotation/jakarta.annotation-api/2.1.1/jakarta.annotation-api-2.1.1.jar:/home/fguira/.m2/repository/org/yaml/snakeyaml/1.33/snakeyaml-1.33.jar:/home/fguira/.m2/repository/org/springframework/boot/spring-boot-actuator-autoconfigure/3.1.5/spring-boot-actuator-autoconfigure-3.1.5.jar:/home/fguira/.m2/repository/org/springframework/boot/spring-boot-actuator/3.1.5/spring-boot-actuator-3.1.5.jar:/home/fguira/.m2/repository/com/fasterxml/jackson/core/jackson-databind/2.15.3/jackson-databind-2.15.3.jar:/home/fguira/.m2/repository/com/fasterxml/jackson/core/jackson-annotations/2.15.3/jackson-annotations-2.15.3.jar:/home/fguira/.m2/repository/com/fasterxml/jackson/core/jackson-core/2.15.3/jackson-core-2.15.3.jar:/home/fguira/.m2/repository/com/fasterxml/jackson/datatype/jackson-datatype-jsr310/2.15.3/jackson-datatype-jsr310-2.15.3.jar:/home/fguira/.m2/repository/io/micrometer/micrometer-observation/1.11.5/micrometer-observation-1.11.5.jar:/home/fguira/.m2/repository/io/micrometer/micrometer-commons/1.11.5/micrometer-commons-1.11.5.jar:/home/fguira/.m2/repository/io/micrometer/micrometer-core/1.11.5/micrometer-core-1.11.5.jar:/home/fguira/.m2/repository/org/hdrhistogram/HdrHistogram/2.1.12/HdrHistogram-2.1.12.jar:/home/fguira/.m2/repository/org/latencyutils/LatencyUtils/2.0.3/LatencyUtils-2.0.3.jar:/home/fguira/.m2/repository/org/projectlombok/lombok/1.18.30/lombok-1.18.30.jar:/home/fguira/.m2/repository/org/springframework/boot/spring-boot-starter-web/3.1.5/spring-boot-starter-web-3.1.5.jar:/home/fguira/.m2/repository/org/springframework/boot/spring-boot-starter-json/3.1.5/spring-boot-starter-json-3.1.5.jar:/home/fguira/.m2/repository/com/fasterxml/jackson/datatype/jackson-datatype-jdk8/2.15.3/jackson-datatype-jdk8-2.15.3.jar:/home/fguira/.m2/repository/com/fasterxml/jackson/module/jackson-module-parameter-names/2.15.3/jackson-module-parameter-names-2.15.3.jar:/home/fguira/.m2/repository/org/springframework/boot/spring-boot-starter-tomcat/3.1.5/spring-boot-starter-tomcat-3.1.5.jar:/home/fguira/.m2/repository/org/apache/tomcat/embed/tomcat-embed-core/10.1.15/tomcat-embed-core-10.1.15.jar:/home/fguira/.m2/repository/org/apache/tomcat/embed/tomcat-embed-el/10.1.15/tomcat-embed-el-10.1.15.jar:/home/fguira/.m2/repository/org/apache/tomcat/embed/tomcat-embed-websocket/10.1.15/tomcat-embed-websocket-10.1.15.jar:/home/fguira/.m2/repository/org/springframework/spring-web/6.0.13/spring-web-6.0.13.jar:/home/fguira/.m2/repository/org/springframework/spring-beans/6.0.13/spring-beans-6.0.13.jar:/home/fguira/.m2/repository/org/springframework/spring-webmvc/6.0.13/spring-webmvc-6.0.13.jar:/home/fguira/.m2/repository/org/springframework/spring-aop/6.0.13/spring-aop-6.0.13.jar:/home/fguira/.m2/repository/org/springframework/spring-expression/6.0.13/spring-expression-6.0.13.jar:/home/fguira/.m2/repository/org/springframework/kafka/spring-kafka/3.0.12/spring-kafka-3.0.12.jar:/home/fguira/.m2/repository/org/springframework/spring-context/6.0.13/spring-context-6.0.13.jar:/home/fguira/.m2/repository/org/springframework/spring-messaging/6.0.13/spring-messaging-6.0.13.jar:/home/fguira/.m2/repository/org/springframework/spring-tx/6.0.13/spring-tx-6.0.13.jar:/home/fguira/.m2/repository/org/springframework/retry/spring-retry/2.0.4/spring-retry-2.0.4.jar:/home/fguira/.m2/repository/org/apache/kafka/kafka-clients/3.4.1/kafka-clients-3.4.1.jar:/home/fguira/.m2/repository/com/github/luben/zstd-jni/1.5.2-1/zstd-jni-1.5.2-1.jar:/home/fguira/.m2/repository/org/lz4/lz4-java/1.8.0/lz4-java-1.8.0.jar:/home/fguira/.m2/repository/org/xerial/snappy/snappy-java/1.1.8.4/snappy-java-1.1.8.4.jar:/home/fguira/.m2/repository/org/slf4j/slf4j-api/2.0.9/slf4j-api-2.0.9.jar:/home/fguira/.m2/repository/com/google/code/findbugs/jsr305/3.0.2/jsr305-3.0.2.jar:/home/fguira/.m2/repository/org/springframework/boot/spring-boot-starter-test/3.1.5/spring-boot-starter-test-3.1.5.jar:/home/fguira/.m2/repository/org/springframework/boot/spring-boot-test/3.1.5/spring-boot-test-3.1.5.jar:/home/fguira/.m2/repository/org/springframework/boot/spring-boot-test-autoconfigure/3.1.5/spring-boot-test-autoconfigure-3.1.5.jar:/home/fguira/.m2/repository/com/jayway/jsonpath/json-path/2.8.0/json-path-2.8.0.jar:/home/fguira/.m2/repository/jakarta/xml/bind/jakarta.xml.bind-api/4.0.1/jakarta.xml.bind-api-4.0.1.jar:/home/fguira/.m2/repository/jakarta/activation/jakarta.activation-api/2.1.2/jakarta.activation-api-2.1.2.jar:/home/fguira/.m2/repository/net/minidev/json-smart/2.4.11/json-smart-2.4.11.jar:/home/fguira/.m2/repository/net/minidev/accessors-smart/2.4.11/accessors-smart-2.4.11.jar:/home/fguira/.m2/repository/org/ow2/asm/asm/9.3/asm-9.3.jar:/home/fguira/.m2/repository/org/assertj/assertj-core/3.24.2/assertj-core-3.24.2.jar:/home/fguira/.m2/repository/net/bytebuddy/byte-buddy/1.14.9/byte-buddy-1.14.9.jar:/home/fguira/.m2/repository/org/hamcrest/hamcrest/2.2/hamcrest-2.2.jar:/home/fguira/.m2/repository/org/junit/jupiter/junit-jupiter/5.9.3/junit-jupiter-5.9.3.jar:/home/fguira/.m2/repository/org/junit/jupiter/junit-jupiter-params/5.9.3/junit-jupiter-params-5.9.3.jar:/home/fguira/.m2/repository/org/junit/jupiter/junit-jupiter-engine/5.9.3/junit-jupiter-engine-5.9.3.jar:/home/fguira/.m2/repository/org/mockito/mockito-core/5.3.1/mockito-core-5.3.1.jar:/home/fguira/.m2/repository/net/bytebuddy/byte-buddy-agent/1.14.9/byte-buddy-agent-1.14.9.jar:/home/fguira/.m2/repository/org/objenesis/objenesis/3.3/objenesis-3.3.jar:/home/fguira/.m2/repository/org/mockito/mockito-junit-jupiter/5.3.1/mockito-junit-jupiter-5.3.1.jar:/home/fguira/.m2/repository/org/skyscreamer/jsonassert/1.5.1/jsonassert-1.5.1.jar:/home/fguira/.m2/repository/com/vaadin/external/google/android-json/0.0.20131108.vaadin1/android-json-0.0.20131108.vaadin1.jar:/home/fguira/.m2/repository/org/springframework/spring-core/6.0.13/spring-core-6.0.13.jar:/home/fguira/.m2/repository/org/springframework/spring-jcl/6.0.13/spring-jcl-6.0.13.jar:/home/fguira/.m2/repository/org/springframework/spring-test/6.0.13/spring-test-6.0.13.jar:/home/fguira/.m2/repository/org/xmlunit/xmlunit-core/2.9.1/xmlunit-core-2.9.1.jar:/home/fguira/.m2/repository/org/springframework/kafka/spring-kafka-test/3.0.12/spring-kafka-test-3.0.12.jar:/home/fguira/.m2/repository/org/apache/zookeeper/zookeeper/3.6.3/zookeeper-3.6.3.jar:/home/fguira/.m2/repository/org/apache/zookeeper/zookeeper-jute/3.6.3/zookeeper-jute-3.6.3.jar:/home/fguira/.m2/repository/org/apache/yetus/audience-annotations/0.5.0/audience-annotations-0.5.0.jar:/home/fguira/.m2/repository/io/netty/netty-handler/4.1.100.Final/netty-handler-4.1.100.Final.jar:/home/fguira/.m2/repository/io/netty/netty-common/4.1.100.Final/netty-common-4.1.100.Final.jar:/home/fguira/.m2/repository/io/netty/netty-resolver/4.1.100.Final/netty-resolver-4.1.100.Final.jar:/home/fguira/.m2/repository/io/netty/netty-buffer/4.1.100.Final/netty-buffer-4.1.100.Final.jar:/home/fguira/.m2/repository/io/netty/netty-transport/4.1.100.Final/netty-transport-4.1.100.Final.jar:/home/fguira/.m2/repository/io/netty/netty-transport-native-unix-common/4.1.100.Final/netty-transport-native-unix-common-4.1.100.Final.jar:/home/fguira/.m2/repository/io/netty/netty-codec/4.1.100.Final/netty-codec-4.1.100.Final.jar:/home/fguira/.m2/repository/io/netty/netty-transport-native-epoll/4.1.100.Final/netty-transport-native-epoll-4.1.100.Final.jar:/home/fguira/.m2/repository/io/netty/netty-transport-classes-epoll/4.1.100.Final/netty-transport-classes-epoll-4.1.100.Final.jar:/home/fguira/.m2/repository/org/apache/kafka/kafka-clients/3.4.1/kafka-clients-3.4.1-test.jar:/home/fguira/.m2/repository/org/apache/kafka/kafka-metadata/3.4.1/kafka-metadata-3.4.1.jar:/home/fguira/.m2/repository/org/apache/kafka/kafka-server-common/3.4.1/kafka-server-common-3.4.1.jar:/home/fguira/.m2/repository/org/apache/kafka/kafka-raft/3.4.1/kafka-raft-3.4.1.jar:/home/fguira/.m2/repository/com/yammer/metrics/metrics-core/2.2.0/metrics-core-2.2.0.jar:/home/fguira/.m2/repository/org/apache/kafka/kafka-streams-test-utils/3.4.1/kafka-streams-test-utils-3.4.1.jar:/home/fguira/.m2/repository/org/apache/kafka/kafka-streams/3.4.1/kafka-streams-3.4.1.jar:/home/fguira/.m2/repository/org/rocksdb/rocksdbjni/7.1.2/rocksdbjni-7.1.2.jar:/home/fguira/.m2/repository/org/apache/kafka/kafka_2.13/3.4.1/kafka_2.13-3.4.1.jar:/home/fguira/.m2/repository/org/scala-lang/scala-library/2.13.10/scala-library-2.13.10.jar:/home/fguira/.m2/repository/org/apache/kafka/kafka-group-coordinator/3.4.1/kafka-group-coordinator-3.4.1.jar:/home/fguira/.m2/repository/org/apache/kafka/kafka-storage/3.4.1/kafka-storage-3.4.1.jar:/home/fguira/.m2/repository/org/apache/kafka/kafka-storage-api/3.4.1/kafka-storage-api-3.4.1.jar:/home/fguira/.m2/repository/net/sourceforge/argparse4j/argparse4j/0.7.0/argparse4j-0.7.0.jar:/home/fguira/.m2/repository/com/fasterxml/jackson/module/jackson-module-scala_2.13/2.15.3/jackson-module-scala_2.13-2.15.3.jar:/home/fguira/.m2/repository/com/thoughtworks/paranamer/paranamer/2.8/paranamer-2.8.jar:/home/fguira/.m2/repository/com/fasterxml/jackson/dataformat/jackson-dataformat-csv/2.15.3/jackson-dataformat-csv-2.15.3.jar:/home/fguira/.m2/repository/net/sf/jopt-simple/jopt-simple/5.0.4/jopt-simple-5.0.4.jar:/home/fguira/.m2/repository/org/bitbucket/b_c/jose4j/0.9.3/jose4j-0.9.3.jar:/home/fguira/.m2/repository/org/scala-lang/modules/scala-collection-compat_2.13/2.10.0/scala-collection-compat_2.13-2.10.0.jar:/home/fguira/.m2/repository/org/scala-lang/modules/scala-java8-compat_2.13/1.0.2/scala-java8-compat_2.13-1.0.2.jar:/home/fguira/.m2/repository/org/scala-lang/scala-reflect/2.13.10/scala-reflect-2.13.10.jar:/home/fguira/.m2/repository/com/typesafe/scala-logging/scala-logging_2.13/3.9.4/scala-logging_2.13-3.9.4.jar:/home/fguira/.m2/repository/io/dropwizard/metrics/metrics-core/4.2.21/metrics-core-4.2.21.jar:/home/fguira/.m2/repository/commons-cli/commons-cli/1.4/commons-cli-1.4.jar:/home/fguira/.m2/repository/org/apache/kafka/kafka_2.13/3.4.1/kafka_2.13-3.4.1-test.jar:/home/fguira/.m2/repository/org/junit/jupiter/junit-jupiter-api/5.9.3/junit-jupiter-api-5.9.3.jar:/home/fguira/.m2/repository/org/opentest4j/opentest4j/1.2.0/opentest4j-1.2.0.jar:/home/fguira/.m2/repository/org/junit/platform/junit-platform-commons/1.9.3/junit-platform-commons-1.9.3.jar:/home/fguira/.m2/repository/org/apiguardian/apiguardian-api/1.1.2/apiguardian-api-1.1.2.jar:/home/fguira/.m2/repository/org/junit/platform/junit-platform-launcher/1.9.3/junit-platform-launcher-1.9.3.jar:/home/fguira/.m2/repository/org/junit/platform/junit-platform-engine/1.9.3/junit-platform-engine-1.9.3.jar:
2025-12-18T19:42:08.104+01:00  INFO 904283 --- [           main] o.a.zookeeper.server.ZooKeeperServer     : Server environment:java.library.path=/usr/java/packages/lib:/usr/lib/x86_64-linux-gnu/jni:/lib/x86_64-linux-gnu:/usr/lib/x86_64-linux-gnu:/usr/lib/jni:/lib:/usr/lib
2025-12-18T19:42:08.104+01:00  INFO 904283 --- [           main] o.a.zookeeper.server.ZooKeeperServer     : Server environment:java.io.tmpdir=/tmp
2025-12-18T19:42:08.104+01:00  INFO 904283 --- [           main] o.a.zookeeper.server.ZooKeeperServer     : Server environment:java.compiler=<NA>
2025-12-18T19:42:08.104+01:00  INFO 904283 --- [           main] o.a.zookeeper.server.ZooKeeperServer     : Server environment:os.name=Linux
2025-12-18T19:42:08.104+01:00  INFO 904283 --- [           main] o.a.zookeeper.server.ZooKeeperServer     : Server environment:os.arch=amd64
2025-12-18T19:42:08.104+01:00  INFO 904283 --- [           main] o.a.zookeeper.server.ZooKeeperServer     : Server environment:os.version=6.8.0-90-generic
2025-12-18T19:42:08.104+01:00  INFO 904283 --- [           main] o.a.zookeeper.server.ZooKeeperServer     : Server environment:user.name=fguira
2025-12-18T19:42:08.104+01:00  INFO 904283 --- [           main] o.a.zookeeper.server.ZooKeeperServer     : Server environment:user.home=/home/fguira
2025-12-18T19:42:08.104+01:00  INFO 904283 --- [           main] o.a.zookeeper.server.ZooKeeperServer     : Server environment:user.dir=/home/fguira/Personal_Projects/2025/kafka/Course/Part_section_from_1_to_14/ProductsMicroservice
2025-12-18T19:42:08.105+01:00  INFO 904283 --- [           main] o.a.zookeeper.server.ZooKeeperServer     : Server environment:os.memory.free=131MB
2025-12-18T19:42:08.105+01:00  INFO 904283 --- [           main] o.a.zookeeper.server.ZooKeeperServer     : Server environment:os.memory.max=16048MB
2025-12-18T19:42:08.105+01:00  INFO 904283 --- [           main] o.a.zookeeper.server.ZooKeeperServer     : Server environment:os.memory.total=160MB
2025-12-18T19:42:08.105+01:00  INFO 904283 --- [           main] o.a.zookeeper.server.ZooKeeperServer     : zookeeper.enableEagerACLCheck = false
2025-12-18T19:42:08.106+01:00  INFO 904283 --- [           main] o.a.zookeeper.server.ZooKeeperServer     : zookeeper.digest.enabled = true
2025-12-18T19:42:08.106+01:00  INFO 904283 --- [           main] o.a.zookeeper.server.ZooKeeperServer     : zookeeper.closeSessionTxn.enabled = true
2025-12-18T19:42:08.106+01:00  INFO 904283 --- [           main] o.a.zookeeper.server.ZooKeeperServer     : zookeeper.flushDelay=0
2025-12-18T19:42:08.106+01:00  INFO 904283 --- [           main] o.a.zookeeper.server.ZooKeeperServer     : zookeeper.maxWriteQueuePollTime=0
2025-12-18T19:42:08.106+01:00  INFO 904283 --- [           main] o.a.zookeeper.server.ZooKeeperServer     : zookeeper.maxBatchSize=1000
2025-12-18T19:42:08.106+01:00  INFO 904283 --- [           main] o.a.zookeeper.server.ZooKeeperServer     : zookeeper.intBufferStartingSizeBytes = 1024
2025-12-18T19:42:08.107+01:00  INFO 904283 --- [           main] o.a.z.server.persistence.FileTxnSnapLog  : zookeeper.snapshot.trust.empty : false
2025-12-18T19:42:08.115+01:00  INFO 904283 --- [           main] o.a.z.server.watch.WatchManagerFactory   : Using org.apache.zookeeper.server.watch.WatchManager as watch manager
2025-12-18T19:42:08.115+01:00  INFO 904283 --- [           main] o.a.z.server.watch.WatchManagerFactory   : Using org.apache.zookeeper.server.watch.WatchManager as watch manager
2025-12-18T19:42:08.115+01:00  INFO 904283 --- [           main] org.apache.zookeeper.server.ZKDatabase   : zookeeper.snapshotSizeFactor = 0.33
2025-12-18T19:42:08.116+01:00  INFO 904283 --- [           main] org.apache.zookeeper.server.ZKDatabase   : zookeeper.commitLogCount=500
2025-12-18T19:42:08.117+01:00  INFO 904283 --- [           main] o.apache.zookeeper.server.BlueThrottle   : Weighed connection throttling is disabled
2025-12-18T19:42:08.118+01:00  INFO 904283 --- [           main] o.a.zookeeper.server.ZooKeeperServer     : minSessionTimeout set to 1600
2025-12-18T19:42:08.118+01:00  INFO 904283 --- [           main] o.a.zookeeper.server.ZooKeeperServer     : maxSessionTimeout set to 16000
2025-12-18T19:42:08.118+01:00  INFO 904283 --- [           main] o.apache.zookeeper.server.ResponseCache  : Response cache size is initialized with value 400.
2025-12-18T19:42:08.119+01:00  INFO 904283 --- [           main] o.apache.zookeeper.server.ResponseCache  : Response cache size is initialized with value 400.
2025-12-18T19:42:08.119+01:00  INFO 904283 --- [           main] o.a.z.s.u.RequestPathMetricsCollector    : zookeeper.pathStats.slotCapacity = 60
2025-12-18T19:42:08.119+01:00  INFO 904283 --- [           main] o.a.z.s.u.RequestPathMetricsCollector    : zookeeper.pathStats.slotDuration = 15
2025-12-18T19:42:08.119+01:00  INFO 904283 --- [           main] o.a.z.s.u.RequestPathMetricsCollector    : zookeeper.pathStats.maxDepth = 6
2025-12-18T19:42:08.119+01:00  INFO 904283 --- [           main] o.a.z.s.u.RequestPathMetricsCollector    : zookeeper.pathStats.initialDelay = 5
2025-12-18T19:42:08.119+01:00  INFO 904283 --- [           main] o.a.z.s.u.RequestPathMetricsCollector    : zookeeper.pathStats.delay = 5
2025-12-18T19:42:08.119+01:00  INFO 904283 --- [           main] o.a.z.s.u.RequestPathMetricsCollector    : zookeeper.pathStats.enabled = false
2025-12-18T19:42:08.120+01:00  INFO 904283 --- [           main] o.a.zookeeper.server.ZooKeeperServer     : The max bytes for all large requests are set to 104857600
2025-12-18T19:42:08.120+01:00  INFO 904283 --- [           main] o.a.zookeeper.server.ZooKeeperServer     : The large request threshold is set to -1
2025-12-18T19:42:08.120+01:00  INFO 904283 --- [           main] o.a.zookeeper.server.ZooKeeperServer     : Created server with tickTime 800 minSessionTimeout 1600 maxSessionTimeout 16000 clientPortListenBacklog -1 datadir /tmp/kafka-11548046794930328432/version-2 snapdir /tmp/kafka-6328903532260471617/version-2
2025-12-18T19:42:08.125+01:00  WARN 904283 --- [           main] o.a.zookeeper.server.ServerCnxnFactory   : maxCnxns is not configured, using default value 0.
2025-12-18T19:42:08.126+01:00  INFO 904283 --- [           main] o.a.z.server.NIOServerCnxnFactory        : Configuring NIO connection handler with 10s sessionless connection timeout, 2 selector thread(s), 32 worker threads, and 64 kB direct buffers.
2025-12-18T19:42:08.130+01:00  INFO 904283 --- [           main] o.a.z.server.NIOServerCnxnFactory        : binding to port /127.0.0.1:0
2025-12-18T19:42:08.138+01:00  INFO 904283 --- [           main] o.a.z.server.persistence.SnapStream      : zookeeper.snapshot.compression.method = CHECKED
2025-12-18T19:42:08.139+01:00  INFO 904283 --- [           main] o.a.z.server.persistence.FileTxnSnapLog  : Snapshotting: 0x0 to /tmp/kafka-6328903532260471617/version-2/snapshot.0
2025-12-18T19:42:08.141+01:00  INFO 904283 --- [           main] org.apache.zookeeper.server.ZKDatabase   : Snapshot loaded in 9 ms, highest zxid is 0x0, digest is 1371985504
2025-12-18T19:42:08.141+01:00  INFO 904283 --- [           main] o.a.z.server.persistence.FileTxnSnapLog  : Snapshotting: 0x0 to /tmp/kafka-6328903532260471617/version-2/snapshot.0
2025-12-18T19:42:08.142+01:00  INFO 904283 --- [           main] o.a.zookeeper.server.ZooKeeperServer     : Snapshot taken in 1 ms
2025-12-18T19:42:08.147+01:00  INFO 904283 --- [0 cport:38243):] o.a.z.server.PrepRequestProcessor        : PrepRequestProcessor (sid:0) started, reconfigEnabled=false
2025-12-18T19:42:08.147+01:00  INFO 904283 --- [           main] o.a.zookeeper.server.RequestThrottler    : zookeeper.request_throttler.shutdownTimeout = 10000
2025-12-18T19:42:08.251+01:00  INFO 904283 --- [           main] kafka.server.KafkaConfig                 : KafkaConfig values: 
	advertised.listeners = null
	alter.config.policy.class.name = null
	alter.log.dirs.replication.quota.window.num = 11
	alter.log.dirs.replication.quota.window.size.seconds = 1
	authorizer.class.name = 
	auto.create.topics.enable = true
	auto.include.jmx.reporter = true
	auto.leader.rebalance.enable = true
	background.threads = 10
	broker.heartbeat.interval.ms = 2000
	broker.id = 0
	broker.id.generation.enable = true
	broker.rack = null
	broker.session.timeout.ms = 9000
	client.quota.callback.class = null
	compression.type = producer
	connection.failed.authentication.delay.ms = 100
	connections.max.idle.ms = 600000
	connections.max.reauth.ms = 0
	control.plane.listener.name = null
	controlled.shutdown.enable = true
	controlled.shutdown.max.retries = 3
	controlled.shutdown.retry.backoff.ms = 100
	controller.listener.names = null
	controller.quorum.append.linger.ms = 25
	controller.quorum.election.backoff.max.ms = 1000
	controller.quorum.election.timeout.ms = 1000
	controller.quorum.fetch.timeout.ms = 2000
	controller.quorum.request.timeout.ms = 2000
	controller.quorum.retry.backoff.ms = 20
	controller.quorum.voters = []
	controller.quota.window.num = 11
	controller.quota.window.size.seconds = 1
	controller.socket.timeout.ms = 1000
	create.topic.policy.class.name = null
	default.replication.factor = 3
	delegation.token.expiry.check.interval.ms = 3600000
	delegation.token.expiry.time.ms = 86400000
	delegation.token.master.key = null
	delegation.token.max.lifetime.ms = 604800000
	delegation.token.secret.key = null
	delete.records.purgatory.purge.interval.requests = 1
	delete.topic.enable = true
	early.start.listeners = null
	fetch.max.bytes = 57671680
	fetch.purgatory.purge.interval.requests = 1000
	group.initial.rebalance.delay.ms = 0
	group.max.session.timeout.ms = 1800000
	group.max.size = 2147483647
	group.min.session.timeout.ms = 6000
	initial.broker.registration.timeout.ms = 60000
	inter.broker.listener.name = null
	inter.broker.protocol.version = 3.4-IV0
	kafka.metrics.polling.interval.secs = 10
	kafka.metrics.reporters = []
	leader.imbalance.check.interval.seconds = 300
	leader.imbalance.per.broker.percentage = 10
	listener.security.protocol.map = PLAINTEXT:PLAINTEXT,SSL:SSL,SASL_PLAINTEXT:SASL_PLAINTEXT,SASL_SSL:SASL_SSL
	listeners = PLAINTEXT://localhost:0
	log.cleaner.backoff.ms = 15000
	log.cleaner.dedupe.buffer.size = 2097152
	log.cleaner.delete.retention.ms = 86400000
	log.cleaner.enable = true
	log.cleaner.io.buffer.load.factor = 0.9
	log.cleaner.io.buffer.size = 524288
	log.cleaner.io.max.bytes.per.second = 1.7976931348623157E308
	log.cleaner.max.compaction.lag.ms = 9223372036854775807
	log.cleaner.min.cleanable.ratio = 0.5
	log.cleaner.min.compaction.lag.ms = 0
	log.cleaner.threads = 1
	log.cleanup.policy = [delete]
	log.dir = /tmp/spring.kafka.635003f9-41e5-401d-820a-e81dfb26891915377833947908841541
	log.dirs = null
	log.flush.interval.messages = 9223372036854775807
	log.flush.interval.ms = null
	log.flush.offset.checkpoint.interval.ms = 60000
	log.flush.scheduler.interval.ms = 9223372036854775807
	log.flush.start.offset.checkpoint.interval.ms = 60000
	log.index.interval.bytes = 4096
	log.index.size.max.bytes = 10485760
	log.message.downconversion.enable = true
	log.message.format.version = 3.0-IV1
	log.message.timestamp.difference.max.ms = 9223372036854775807
	log.message.timestamp.type = CreateTime
	log.preallocate = false
	log.retention.bytes = -1
	log.retention.check.interval.ms = 300000
	log.retention.hours = 168
	log.retention.minutes = null
	log.retention.ms = null
	log.roll.hours = 168
	log.roll.jitter.hours = 0
	log.roll.jitter.ms = null
	log.roll.ms = null
	log.segment.bytes = 1073741824
	log.segment.delete.delay.ms = 1000
	max.connection.creation.rate = 2147483647
	max.connections = 2147483647
	max.connections.per.ip = 2147483647
	max.connections.per.ip.overrides = 
	max.incremental.fetch.session.cache.slots = 1000
	message.max.bytes = 1048588
	metadata.log.dir = null
	metadata.log.max.record.bytes.between.snapshots = 20971520
	metadata.log.max.snapshot.interval.ms = 3600000
	metadata.log.segment.bytes = 1073741824
	metadata.log.segment.min.bytes = 8388608
	metadata.log.segment.ms = 604800000
	metadata.max.idle.interval.ms = 500
	metadata.max.retention.bytes = 104857600
	metadata.max.retention.ms = 604800000
	metric.reporters = []
	metrics.num.samples = 2
	metrics.recording.level = INFO
	metrics.sample.window.ms = 30000
	min.insync.replicas = 1
	node.id = 0
	num.io.threads = 8
	num.network.threads = 3
	num.partitions = 3
	num.recovery.threads.per.data.dir = 1
	num.replica.alter.log.dirs.threads = null
	num.replica.fetchers = 1
	offset.metadata.max.bytes = 4096
	offsets.commit.required.acks = -1
	offsets.commit.timeout.ms = 5000
	offsets.load.buffer.size = 5242880
	offsets.retention.check.interval.ms = 600000
	offsets.retention.minutes = 10080
	offsets.topic.compression.codec = 0
	offsets.topic.num.partitions = 5
	offsets.topic.replication.factor = 1
	offsets.topic.segment.bytes = 104857600
	password.encoder.cipher.algorithm = AES/CBC/PKCS5Padding
	password.encoder.iterations = 4096
	password.encoder.key.length = 128
	password.encoder.keyfactory.algorithm = null
	password.encoder.old.secret = null
	password.encoder.secret = null
	principal.builder.class = class org.apache.kafka.common.security.authenticator.DefaultKafkaPrincipalBuilder
	process.roles = []
	producer.id.expiration.check.interval.ms = 600000
	producer.id.expiration.ms = 86400000
	producer.purgatory.purge.interval.requests = 1000
	queued.max.request.bytes = -1
	queued.max.requests = 500
	quota.window.num = 11
	quota.window.size.seconds = 1
	remote.log.index.file.cache.total.size.bytes = 1073741824
	remote.log.manager.task.interval.ms = 30000
	remote.log.manager.task.retry.backoff.max.ms = 30000
	remote.log.manager.task.retry.backoff.ms = 500
	remote.log.manager.task.retry.jitter = 0.2
	remote.log.manager.thread.pool.size = 10
	remote.log.metadata.manager.class.name = null
	remote.log.metadata.manager.class.path = null
	remote.log.metadata.manager.impl.prefix = null
	remote.log.metadata.manager.listener.name = null
	remote.log.reader.max.pending.tasks = 100
	remote.log.reader.threads = 10
	remote.log.storage.manager.class.name = null
	remote.log.storage.manager.class.path = null
	remote.log.storage.manager.impl.prefix = null
	remote.log.storage.system.enable = false
	replica.fetch.backoff.ms = 1000
	replica.fetch.max.bytes = 1048576
	replica.fetch.min.bytes = 1
	replica.fetch.response.max.bytes = 10485760
	replica.fetch.wait.max.ms = 500
	replica.high.watermark.checkpoint.interval.ms = 9223372036854775807
	replica.lag.time.max.ms = 30000
	replica.selector.class = null
	replica.socket.receive.buffer.bytes = 65536
	replica.socket.timeout.ms = 1000
	replication.quota.window.num = 11
	replication.quota.window.size.seconds = 1
	request.timeout.ms = 30000
	reserved.broker.max.id = 1000
	sasl.client.callback.handler.class = null
	sasl.enabled.mechanisms = [GSSAPI]
	sasl.jaas.config = null
	sasl.kerberos.kinit.cmd = /usr/bin/kinit
	sasl.kerberos.min.time.before.relogin = 60000
	sasl.kerberos.principal.to.local.rules = [DEFAULT]
	sasl.kerberos.service.name = null
	sasl.kerberos.ticket.renew.jitter = 0.05
	sasl.kerberos.ticket.renew.window.factor = 0.8
	sasl.login.callback.handler.class = null
	sasl.login.class = null
	sasl.login.connect.timeout.ms = null
	sasl.login.read.timeout.ms = null
	sasl.login.refresh.buffer.seconds = 300
	sasl.login.refresh.min.period.seconds = 60
	sasl.login.refresh.window.factor = 0.8
	sasl.login.refresh.window.jitter = 0.05
	sasl.login.retry.backoff.max.ms = 10000
	sasl.login.retry.backoff.ms = 100
	sasl.mechanism.controller.protocol = GSSAPI
	sasl.mechanism.inter.broker.protocol = GSSAPI
	sasl.oauthbearer.clock.skew.seconds = 30
	sasl.oauthbearer.expected.audience = null
	sasl.oauthbearer.expected.issuer = null
	sasl.oauthbearer.jwks.endpoint.refresh.ms = 3600000
	sasl.oauthbearer.jwks.endpoint.retry.backoff.max.ms = 10000
	sasl.oauthbearer.jwks.endpoint.retry.backoff.ms = 100
	sasl.oauthbearer.jwks.endpoint.url = null
	sasl.oauthbearer.scope.claim.name = scope
	sasl.oauthbearer.sub.claim.name = sub
	sasl.oauthbearer.token.endpoint.url = null
	sasl.server.callback.handler.class = null
	sasl.server.max.receive.size = 524288
	security.inter.broker.protocol = PLAINTEXT
	security.providers = null
	socket.connection.setup.timeout.max.ms = 30000
	socket.connection.setup.timeout.ms = 10000
	socket.listen.backlog.size = 50
	socket.receive.buffer.bytes = 102400
	socket.request.max.bytes = 104857600
	socket.send.buffer.bytes = 102400
	ssl.cipher.suites = []
	ssl.client.auth = none
	ssl.enabled.protocols = [TLSv1.2, TLSv1.3]
	ssl.endpoint.identification.algorithm = https
	ssl.engine.factory.class = null
	ssl.key.password = null
	ssl.keymanager.algorithm = SunX509
	ssl.keystore.certificate.chain = null
	ssl.keystore.key = null
	ssl.keystore.location = null
	ssl.keystore.password = null
	ssl.keystore.type = JKS
	ssl.principal.mapping.rules = DEFAULT
	ssl.protocol = TLSv1.3
	ssl.provider = null
	ssl.secure.random.implementation = null
	ssl.trustmanager.algorithm = PKIX
	ssl.truststore.certificates = null
	ssl.truststore.location = null
	ssl.truststore.password = null
	ssl.truststore.type = JKS
	transaction.abort.timed.out.transaction.cleanup.interval.ms = 10000
	transaction.max.timeout.ms = 900000
	transaction.remove.expired.transaction.cleanup.interval.ms = 3600000
	transaction.state.log.load.buffer.size = 5242880
	transaction.state.log.min.isr = 2
	transaction.state.log.num.partitions = 50
	transaction.state.log.replication.factor = 3
	transaction.state.log.segment.bytes = 104857600
	transactional.id.expiration.ms = 604800000
	unclean.leader.election.enable = false
	zookeeper.clientCnxnSocket = null
	zookeeper.connect = 127.0.0.1:38243
	zookeeper.connection.timeout.ms = 10000
	zookeeper.max.in.flight.requests = 10
	zookeeper.metadata.migration.enable = false
	zookeeper.session.timeout.ms = 18000
	zookeeper.set.acl = false
	zookeeper.ssl.cipher.suites = null
	zookeeper.ssl.client.enable = false
	zookeeper.ssl.crl.enable = false
	zookeeper.ssl.enabled.protocols = null
	zookeeper.ssl.endpoint.identification.algorithm = HTTPS
	zookeeper.ssl.keystore.location = null
	zookeeper.ssl.keystore.password = null
	zookeeper.ssl.keystore.type = null
	zookeeper.ssl.ocsp.enable = false
	zookeeper.ssl.protocol = TLSv1.2
	zookeeper.ssl.truststore.location = null
	zookeeper.ssl.truststore.password = null
	zookeeper.ssl.truststore.type = null

2025-12-18T19:42:08.262+01:00  INFO 904283 --- [           main] org.apache.zookeeper.common.X509Util     : Setting -D jdk.tls.rejectClientInitiatedRenegotiation=true to disable client-initiated TLS renegotiation
2025-12-18T19:42:08.293+01:00  INFO 904283 --- [           main] kafka.server.KafkaServer                 : starting
2025-12-18T19:42:08.293+01:00  INFO 904283 --- [           main] kafka.server.KafkaServer                 : Connecting to zookeeper on 127.0.0.1:38243
2025-12-18T19:42:08.301+01:00  INFO 904283 --- [           main] kafka.zookeeper.ZooKeeperClient          : [ZooKeeperClient Kafka server] Initializing a new session to 127.0.0.1:38243.
2025-12-18T19:42:08.303+01:00  INFO 904283 --- [           main] org.apache.zookeeper.ZooKeeper           : Client environment:zookeeper.version=3.6.3--6401e4ad2087061bc6b9f80dec2d69f2e3c8660a, built on 04/08/2021 16:35 GMT
2025-12-18T19:42:08.303+01:00  INFO 904283 --- [           main] org.apache.zookeeper.ZooKeeper           : Client environment:host.name=fguira-MS-7D22
2025-12-18T19:42:08.303+01:00  INFO 904283 --- [           main] org.apache.zookeeper.ZooKeeper           : Client environment:java.version=17.0.17
2025-12-18T19:42:08.303+01:00  INFO 904283 --- [           main] org.apache.zookeeper.ZooKeeper           : Client environment:java.vendor=Ubuntu
2025-12-18T19:42:08.303+01:00  INFO 904283 --- [           main] org.apache.zookeeper.ZooKeeper           : Client environment:java.home=/usr/lib/jvm/java-17-openjdk-amd64
2025-12-18T19:42:08.303+01:00  INFO 904283 --- [           main] org.apache.zookeeper.ZooKeeper           : Client environment:java.class.path=/home/fguira/Personal_Projects/2025/kafka/Course/Part_section_from_1_to_14/ProductsMicroservice/target/test-classes:/home/fguira/Personal_Projects/2025/kafka/Course/Part_section_from_1_to_14/ProductsMicroservice/target/classes:/home/fguira/.m2/repository/com/appsdeveloperblog/ws/core/0.0.1-SNAPSHOT/core-0.0.1-SNAPSHOT.jar:/home/fguira/.m2/repository/org/springframework/boot/spring-boot-starter-actuator/3.1.5/spring-boot-starter-actuator-3.1.5.jar:/home/fguira/.m2/repository/org/springframework/boot/spring-boot-starter/3.1.5/spring-boot-starter-3.1.5.jar:/home/fguira/.m2/repository/org/springframework/boot/spring-boot/3.1.5/spring-boot-3.1.5.jar:/home/fguira/.m2/repository/org/springframework/boot/spring-boot-autoconfigure/3.1.5/spring-boot-autoconfigure-3.1.5.jar:/home/fguira/.m2/repository/org/springframework/boot/spring-boot-starter-logging/3.1.5/spring-boot-starter-logging-3.1.5.jar:/home/fguira/.m2/repository/ch/qos/logback/logback-classic/1.4.11/logback-classic-1.4.11.jar:/home/fguira/.m2/repository/ch/qos/logback/logback-core/1.4.11/logback-core-1.4.11.jar:/home/fguira/.m2/repository/org/apache/logging/log4j/log4j-to-slf4j/2.20.0/log4j-to-slf4j-2.20.0.jar:/home/fguira/.m2/repository/org/apache/logging/log4j/log4j-api/2.20.0/log4j-api-2.20.0.jar:/home/fguira/.m2/repository/org/slf4j/jul-to-slf4j/2.0.9/jul-to-slf4j-2.0.9.jar:/home/fguira/.m2/repository/jakarta/annotation/jakarta.annotation-api/2.1.1/jakarta.annotation-api-2.1.1.jar:/home/fguira/.m2/repository/org/yaml/snakeyaml/1.33/snakeyaml-1.33.jar:/home/fguira/.m2/repository/org/springframework/boot/spring-boot-actuator-autoconfigure/3.1.5/spring-boot-actuator-autoconfigure-3.1.5.jar:/home/fguira/.m2/repository/org/springframework/boot/spring-boot-actuator/3.1.5/spring-boot-actuator-3.1.5.jar:/home/fguira/.m2/repository/com/fasterxml/jackson/core/jackson-databind/2.15.3/jackson-databind-2.15.3.jar:/home/fguira/.m2/repository/com/fasterxml/jackson/core/jackson-annotations/2.15.3/jackson-annotations-2.15.3.jar:/home/fguira/.m2/repository/com/fasterxml/jackson/core/jackson-core/2.15.3/jackson-core-2.15.3.jar:/home/fguira/.m2/repository/com/fasterxml/jackson/datatype/jackson-datatype-jsr310/2.15.3/jackson-datatype-jsr310-2.15.3.jar:/home/fguira/.m2/repository/io/micrometer/micrometer-observation/1.11.5/micrometer-observation-1.11.5.jar:/home/fguira/.m2/repository/io/micrometer/micrometer-commons/1.11.5/micrometer-commons-1.11.5.jar:/home/fguira/.m2/repository/io/micrometer/micrometer-core/1.11.5/micrometer-core-1.11.5.jar:/home/fguira/.m2/repository/org/hdrhistogram/HdrHistogram/2.1.12/HdrHistogram-2.1.12.jar:/home/fguira/.m2/repository/org/latencyutils/LatencyUtils/2.0.3/LatencyUtils-2.0.3.jar:/home/fguira/.m2/repository/org/projectlombok/lombok/1.18.30/lombok-1.18.30.jar:/home/fguira/.m2/repository/org/springframework/boot/spring-boot-starter-web/3.1.5/spring-boot-starter-web-3.1.5.jar:/home/fguira/.m2/repository/org/springframework/boot/spring-boot-starter-json/3.1.5/spring-boot-starter-json-3.1.5.jar:/home/fguira/.m2/repository/com/fasterxml/jackson/datatype/jackson-datatype-jdk8/2.15.3/jackson-datatype-jdk8-2.15.3.jar:/home/fguira/.m2/repository/com/fasterxml/jackson/module/jackson-module-parameter-names/2.15.3/jackson-module-parameter-names-2.15.3.jar:/home/fguira/.m2/repository/org/springframework/boot/spring-boot-starter-tomcat/3.1.5/spring-boot-starter-tomcat-3.1.5.jar:/home/fguira/.m2/repository/org/apache/tomcat/embed/tomcat-embed-core/10.1.15/tomcat-embed-core-10.1.15.jar:/home/fguira/.m2/repository/org/apache/tomcat/embed/tomcat-embed-el/10.1.15/tomcat-embed-el-10.1.15.jar:/home/fguira/.m2/repository/org/apache/tomcat/embed/tomcat-embed-websocket/10.1.15/tomcat-embed-websocket-10.1.15.jar:/home/fguira/.m2/repository/org/springframework/spring-web/6.0.13/spring-web-6.0.13.jar:/home/fguira/.m2/repository/org/springframework/spring-beans/6.0.13/spring-beans-6.0.13.jar:/home/fguira/.m2/repository/org/springframework/spring-webmvc/6.0.13/spring-webmvc-6.0.13.jar:/home/fguira/.m2/repository/org/springframework/spring-aop/6.0.13/spring-aop-6.0.13.jar:/home/fguira/.m2/repository/org/springframework/spring-expression/6.0.13/spring-expression-6.0.13.jar:/home/fguira/.m2/repository/org/springframework/kafka/spring-kafka/3.0.12/spring-kafka-3.0.12.jar:/home/fguira/.m2/repository/org/springframework/spring-context/6.0.13/spring-context-6.0.13.jar:/home/fguira/.m2/repository/org/springframework/spring-messaging/6.0.13/spring-messaging-6.0.13.jar:/home/fguira/.m2/repository/org/springframework/spring-tx/6.0.13/spring-tx-6.0.13.jar:/home/fguira/.m2/repository/org/springframework/retry/spring-retry/2.0.4/spring-retry-2.0.4.jar:/home/fguira/.m2/repository/org/apache/kafka/kafka-clients/3.4.1/kafka-clients-3.4.1.jar:/home/fguira/.m2/repository/com/github/luben/zstd-jni/1.5.2-1/zstd-jni-1.5.2-1.jar:/home/fguira/.m2/repository/org/lz4/lz4-java/1.8.0/lz4-java-1.8.0.jar:/home/fguira/.m2/repository/org/xerial/snappy/snappy-java/1.1.8.4/snappy-java-1.1.8.4.jar:/home/fguira/.m2/repository/org/slf4j/slf4j-api/2.0.9/slf4j-api-2.0.9.jar:/home/fguira/.m2/repository/com/google/code/findbugs/jsr305/3.0.2/jsr305-3.0.2.jar:/home/fguira/.m2/repository/org/springframework/boot/spring-boot-starter-test/3.1.5/spring-boot-starter-test-3.1.5.jar:/home/fguira/.m2/repository/org/springframework/boot/spring-boot-test/3.1.5/spring-boot-test-3.1.5.jar:/home/fguira/.m2/repository/org/springframework/boot/spring-boot-test-autoconfigure/3.1.5/spring-boot-test-autoconfigure-3.1.5.jar:/home/fguira/.m2/repository/com/jayway/jsonpath/json-path/2.8.0/json-path-2.8.0.jar:/home/fguira/.m2/repository/jakarta/xml/bind/jakarta.xml.bind-api/4.0.1/jakarta.xml.bind-api-4.0.1.jar:/home/fguira/.m2/repository/jakarta/activation/jakarta.activation-api/2.1.2/jakarta.activation-api-2.1.2.jar:/home/fguira/.m2/repository/net/minidev/json-smart/2.4.11/json-smart-2.4.11.jar:/home/fguira/.m2/repository/net/minidev/accessors-smart/2.4.11/accessors-smart-2.4.11.jar:/home/fguira/.m2/repository/org/ow2/asm/asm/9.3/asm-9.3.jar:/home/fguira/.m2/repository/org/assertj/assertj-core/3.24.2/assertj-core-3.24.2.jar:/home/fguira/.m2/repository/net/bytebuddy/byte-buddy/1.14.9/byte-buddy-1.14.9.jar:/home/fguira/.m2/repository/org/hamcrest/hamcrest/2.2/hamcrest-2.2.jar:/home/fguira/.m2/repository/org/junit/jupiter/junit-jupiter/5.9.3/junit-jupiter-5.9.3.jar:/home/fguira/.m2/repository/org/junit/jupiter/junit-jupiter-params/5.9.3/junit-jupiter-params-5.9.3.jar:/home/fguira/.m2/repository/org/junit/jupiter/junit-jupiter-engine/5.9.3/junit-jupiter-engine-5.9.3.jar:/home/fguira/.m2/repository/org/mockito/mockito-core/5.3.1/mockito-core-5.3.1.jar:/home/fguira/.m2/repository/net/bytebuddy/byte-buddy-agent/1.14.9/byte-buddy-agent-1.14.9.jar:/home/fguira/.m2/repository/org/objenesis/objenesis/3.3/objenesis-3.3.jar:/home/fguira/.m2/repository/org/mockito/mockito-junit-jupiter/5.3.1/mockito-junit-jupiter-5.3.1.jar:/home/fguira/.m2/repository/org/skyscreamer/jsonassert/1.5.1/jsonassert-1.5.1.jar:/home/fguira/.m2/repository/com/vaadin/external/google/android-json/0.0.20131108.vaadin1/android-json-0.0.20131108.vaadin1.jar:/home/fguira/.m2/repository/org/springframework/spring-core/6.0.13/spring-core-6.0.13.jar:/home/fguira/.m2/repository/org/springframework/spring-jcl/6.0.13/spring-jcl-6.0.13.jar:/home/fguira/.m2/repository/org/springframework/spring-test/6.0.13/spring-test-6.0.13.jar:/home/fguira/.m2/repository/org/xmlunit/xmlunit-core/2.9.1/xmlunit-core-2.9.1.jar:/home/fguira/.m2/repository/org/springframework/kafka/spring-kafka-test/3.0.12/spring-kafka-test-3.0.12.jar:/home/fguira/.m2/repository/org/apache/zookeeper/zookeeper/3.6.3/zookeeper-3.6.3.jar:/home/fguira/.m2/repository/org/apache/zookeeper/zookeeper-jute/3.6.3/zookeeper-jute-3.6.3.jar:/home/fguira/.m2/repository/org/apache/yetus/audience-annotations/0.5.0/audience-annotations-0.5.0.jar:/home/fguira/.m2/repository/io/netty/netty-handler/4.1.100.Final/netty-handler-4.1.100.Final.jar:/home/fguira/.m2/repository/io/netty/netty-common/4.1.100.Final/netty-common-4.1.100.Final.jar:/home/fguira/.m2/repository/io/netty/netty-resolver/4.1.100.Final/netty-resolver-4.1.100.Final.jar:/home/fguira/.m2/repository/io/netty/netty-buffer/4.1.100.Final/netty-buffer-4.1.100.Final.jar:/home/fguira/.m2/repository/io/netty/netty-transport/4.1.100.Final/netty-transport-4.1.100.Final.jar:/home/fguira/.m2/repository/io/netty/netty-transport-native-unix-common/4.1.100.Final/netty-transport-native-unix-common-4.1.100.Final.jar:/home/fguira/.m2/repository/io/netty/netty-codec/4.1.100.Final/netty-codec-4.1.100.Final.jar:/home/fguira/.m2/repository/io/netty/netty-transport-native-epoll/4.1.100.Final/netty-transport-native-epoll-4.1.100.Final.jar:/home/fguira/.m2/repository/io/netty/netty-transport-classes-epoll/4.1.100.Final/netty-transport-classes-epoll-4.1.100.Final.jar:/home/fguira/.m2/repository/org/apache/kafka/kafka-clients/3.4.1/kafka-clients-3.4.1-test.jar:/home/fguira/.m2/repository/org/apache/kafka/kafka-metadata/3.4.1/kafka-metadata-3.4.1.jar:/home/fguira/.m2/repository/org/apache/kafka/kafka-server-common/3.4.1/kafka-server-common-3.4.1.jar:/home/fguira/.m2/repository/org/apache/kafka/kafka-raft/3.4.1/kafka-raft-3.4.1.jar:/home/fguira/.m2/repository/com/yammer/metrics/metrics-core/2.2.0/metrics-core-2.2.0.jar:/home/fguira/.m2/repository/org/apache/kafka/kafka-streams-test-utils/3.4.1/kafka-streams-test-utils-3.4.1.jar:/home/fguira/.m2/repository/org/apache/kafka/kafka-streams/3.4.1/kafka-streams-3.4.1.jar:/home/fguira/.m2/repository/org/rocksdb/rocksdbjni/7.1.2/rocksdbjni-7.1.2.jar:/home/fguira/.m2/repository/org/apache/kafka/kafka_2.13/3.4.1/kafka_2.13-3.4.1.jar:/home/fguira/.m2/repository/org/scala-lang/scala-library/2.13.10/scala-library-2.13.10.jar:/home/fguira/.m2/repository/org/apache/kafka/kafka-group-coordinator/3.4.1/kafka-group-coordinator-3.4.1.jar:/home/fguira/.m2/repository/org/apache/kafka/kafka-storage/3.4.1/kafka-storage-3.4.1.jar:/home/fguira/.m2/repository/org/apache/kafka/kafka-storage-api/3.4.1/kafka-storage-api-3.4.1.jar:/home/fguira/.m2/repository/net/sourceforge/argparse4j/argparse4j/0.7.0/argparse4j-0.7.0.jar:/home/fguira/.m2/repository/com/fasterxml/jackson/module/jackson-module-scala_2.13/2.15.3/jackson-module-scala_2.13-2.15.3.jar:/home/fguira/.m2/repository/com/thoughtworks/paranamer/paranamer/2.8/paranamer-2.8.jar:/home/fguira/.m2/repository/com/fasterxml/jackson/dataformat/jackson-dataformat-csv/2.15.3/jackson-dataformat-csv-2.15.3.jar:/home/fguira/.m2/repository/net/sf/jopt-simple/jopt-simple/5.0.4/jopt-simple-5.0.4.jar:/home/fguira/.m2/repository/org/bitbucket/b_c/jose4j/0.9.3/jose4j-0.9.3.jar:/home/fguira/.m2/repository/org/scala-lang/modules/scala-collection-compat_2.13/2.10.0/scala-collection-compat_2.13-2.10.0.jar:/home/fguira/.m2/repository/org/scala-lang/modules/scala-java8-compat_2.13/1.0.2/scala-java8-compat_2.13-1.0.2.jar:/home/fguira/.m2/repository/org/scala-lang/scala-reflect/2.13.10/scala-reflect-2.13.10.jar:/home/fguira/.m2/repository/com/typesafe/scala-logging/scala-logging_2.13/3.9.4/scala-logging_2.13-3.9.4.jar:/home/fguira/.m2/repository/io/dropwizard/metrics/metrics-core/4.2.21/metrics-core-4.2.21.jar:/home/fguira/.m2/repository/commons-cli/commons-cli/1.4/commons-cli-1.4.jar:/home/fguira/.m2/repository/org/apache/kafka/kafka_2.13/3.4.1/kafka_2.13-3.4.1-test.jar:/home/fguira/.m2/repository/org/junit/jupiter/junit-jupiter-api/5.9.3/junit-jupiter-api-5.9.3.jar:/home/fguira/.m2/repository/org/opentest4j/opentest4j/1.2.0/opentest4j-1.2.0.jar:/home/fguira/.m2/repository/org/junit/platform/junit-platform-commons/1.9.3/junit-platform-commons-1.9.3.jar:/home/fguira/.m2/repository/org/apiguardian/apiguardian-api/1.1.2/apiguardian-api-1.1.2.jar:/home/fguira/.m2/repository/org/junit/platform/junit-platform-launcher/1.9.3/junit-platform-launcher-1.9.3.jar:/home/fguira/.m2/repository/org/junit/platform/junit-platform-engine/1.9.3/junit-platform-engine-1.9.3.jar:
2025-12-18T19:42:08.304+01:00  INFO 904283 --- [           main] org.apache.zookeeper.ZooKeeper           : Client environment:java.library.path=/usr/java/packages/lib:/usr/lib/x86_64-linux-gnu/jni:/lib/x86_64-linux-gnu:/usr/lib/x86_64-linux-gnu:/usr/lib/jni:/lib:/usr/lib
2025-12-18T19:42:08.304+01:00  INFO 904283 --- [           main] org.apache.zookeeper.ZooKeeper           : Client environment:java.io.tmpdir=/tmp
2025-12-18T19:42:08.304+01:00  INFO 904283 --- [           main] org.apache.zookeeper.ZooKeeper           : Client environment:java.compiler=<NA>
2025-12-18T19:42:08.304+01:00  INFO 904283 --- [           main] org.apache.zookeeper.ZooKeeper           : Client environment:os.name=Linux
2025-12-18T19:42:08.304+01:00  INFO 904283 --- [           main] org.apache.zookeeper.ZooKeeper           : Client environment:os.arch=amd64
2025-12-18T19:42:08.304+01:00  INFO 904283 --- [           main] org.apache.zookeeper.ZooKeeper           : Client environment:os.version=6.8.0-90-generic
2025-12-18T19:42:08.304+01:00  INFO 904283 --- [           main] org.apache.zookeeper.ZooKeeper           : Client environment:user.name=fguira
2025-12-18T19:42:08.304+01:00  INFO 904283 --- [           main] org.apache.zookeeper.ZooKeeper           : Client environment:user.home=/home/fguira
2025-12-18T19:42:08.304+01:00  INFO 904283 --- [           main] org.apache.zookeeper.ZooKeeper           : Client environment:user.dir=/home/fguira/Personal_Projects/2025/kafka/Course/Part_section_from_1_to_14/ProductsMicroservice
2025-12-18T19:42:08.305+01:00  INFO 904283 --- [           main] org.apache.zookeeper.ZooKeeper           : Client environment:os.memory.free=104MB
2025-12-18T19:42:08.305+01:00  INFO 904283 --- [           main] org.apache.zookeeper.ZooKeeper           : Client environment:os.memory.max=16048MB
2025-12-18T19:42:08.305+01:00  INFO 904283 --- [           main] org.apache.zookeeper.ZooKeeper           : Client environment:os.memory.total=160MB
2025-12-18T19:42:08.306+01:00  INFO 904283 --- [           main] org.apache.zookeeper.ZooKeeper           : Initiating client connection, connectString=127.0.0.1:38243 sessionTimeout=18000 watcher=kafka.zookeeper.ZooKeeperClient$ZooKeeperClientWatcher$@4c2fb9dd
2025-12-18T19:42:08.307+01:00  INFO 904283 --- [           main] org.apache.zookeeper.ClientCnxnSocket    : jute.maxbuffer value is 4194304 Bytes
2025-12-18T19:42:08.310+01:00  INFO 904283 --- [           main] org.apache.zookeeper.ClientCnxn          : zookeeper.request.timeout value is 0. feature enabled=false
2025-12-18T19:42:08.311+01:00  INFO 904283 --- [27.0.0.1:38243)] org.apache.zookeeper.ClientCnxn          : Opening socket connection to server /127.0.0.1:38243.
2025-12-18T19:42:08.311+01:00  INFO 904283 --- [           main] kafka.zookeeper.ZooKeeperClient          : [ZooKeeperClient Kafka server] Waiting until connected.
2025-12-18T19:42:08.312+01:00  INFO 904283 --- [27.0.0.1:38243)] org.apache.zookeeper.ClientCnxn          : Socket connection established, initiating session, client: /127.0.0.1:54410, server: /127.0.0.1:38243
2025-12-18T19:42:08.315+01:00  INFO 904283 --- [   SyncThread:0] o.a.z.server.persistence.FileTxnLog      : Creating new log file: log.1
2025-12-18T19:42:08.317+01:00  INFO 904283 --- [   SyncThread:0] o.a.zookeeper.audit.ZKAuditProvider      : ZooKeeper audit is disabled.
2025-12-18T19:42:08.318+01:00  INFO 904283 --- [27.0.0.1:38243)] org.apache.zookeeper.ClientCnxn          : Session establishment complete on server /127.0.0.1:38243, session id = 0x10008f2a4040000, negotiated timeout = 16000
2025-12-18T19:42:08.320+01:00  INFO 904283 --- [           main] kafka.zookeeper.ZooKeeperClient          : [ZooKeeperClient Kafka server] Connected.
2025-12-18T19:42:08.377+01:00  INFO 904283 --- [           main] kafka.server.KafkaServer                 : Cluster ID = WmOSR-5DT46VVQ4C7sZ49A
2025-12-18T19:42:08.379+01:00  WARN 904283 --- [           main] kafka.server.BrokerMetadataCheckpoint    : No meta.properties file under dir /tmp/spring.kafka.635003f9-41e5-401d-820a-e81dfb26891915377833947908841541/meta.properties
2025-12-18T19:42:08.401+01:00  INFO 904283 --- [           main] kafka.server.KafkaConfig                 : KafkaConfig values: 
	advertised.listeners = null
	alter.config.policy.class.name = null
	alter.log.dirs.replication.quota.window.num = 11
	alter.log.dirs.replication.quota.window.size.seconds = 1
	authorizer.class.name = 
	auto.create.topics.enable = true
	auto.include.jmx.reporter = true
	auto.leader.rebalance.enable = true
	background.threads = 10
	broker.heartbeat.interval.ms = 2000
	broker.id = 0
	broker.id.generation.enable = true
	broker.rack = null
	broker.session.timeout.ms = 9000
	client.quota.callback.class = null
	compression.type = producer
	connection.failed.authentication.delay.ms = 100
	connections.max.idle.ms = 600000
	connections.max.reauth.ms = 0
	control.plane.listener.name = null
	controlled.shutdown.enable = true
	controlled.shutdown.max.retries = 3
	controlled.shutdown.retry.backoff.ms = 100
	controller.listener.names = null
	controller.quorum.append.linger.ms = 25
	controller.quorum.election.backoff.max.ms = 1000
	controller.quorum.election.timeout.ms = 1000
	controller.quorum.fetch.timeout.ms = 2000
	controller.quorum.request.timeout.ms = 2000
	controller.quorum.retry.backoff.ms = 20
	controller.quorum.voters = []
	controller.quota.window.num = 11
	controller.quota.window.size.seconds = 1
	controller.socket.timeout.ms = 1000
	create.topic.policy.class.name = null
	default.replication.factor = 3
	delegation.token.expiry.check.interval.ms = 3600000
	delegation.token.expiry.time.ms = 86400000
	delegation.token.master.key = null
	delegation.token.max.lifetime.ms = 604800000
	delegation.token.secret.key = null
	delete.records.purgatory.purge.interval.requests = 1
	delete.topic.enable = true
	early.start.listeners = null
	fetch.max.bytes = 57671680
	fetch.purgatory.purge.interval.requests = 1000
	group.initial.rebalance.delay.ms = 0
	group.max.session.timeout.ms = 1800000
	group.max.size = 2147483647
	group.min.session.timeout.ms = 6000
	initial.broker.registration.timeout.ms = 60000
	inter.broker.listener.name = null
	inter.broker.protocol.version = 3.4-IV0
	kafka.metrics.polling.interval.secs = 10
	kafka.metrics.reporters = []
	leader.imbalance.check.interval.seconds = 300
	leader.imbalance.per.broker.percentage = 10
	listener.security.protocol.map = PLAINTEXT:PLAINTEXT,SSL:SSL,SASL_PLAINTEXT:SASL_PLAINTEXT,SASL_SSL:SASL_SSL
	listeners = PLAINTEXT://localhost:0
	log.cleaner.backoff.ms = 15000
	log.cleaner.dedupe.buffer.size = 2097152
	log.cleaner.delete.retention.ms = 86400000
	log.cleaner.enable = true
	log.cleaner.io.buffer.load.factor = 0.9
	log.cleaner.io.buffer.size = 524288
	log.cleaner.io.max.bytes.per.second = 1.7976931348623157E308
	log.cleaner.max.compaction.lag.ms = 9223372036854775807
	log.cleaner.min.cleanable.ratio = 0.5
	log.cleaner.min.compaction.lag.ms = 0
	log.cleaner.threads = 1
	log.cleanup.policy = [delete]
	log.dir = /tmp/spring.kafka.635003f9-41e5-401d-820a-e81dfb26891915377833947908841541
	log.dirs = null
	log.flush.interval.messages = 9223372036854775807
	log.flush.interval.ms = null
	log.flush.offset.checkpoint.interval.ms = 60000
	log.flush.scheduler.interval.ms = 9223372036854775807
	log.flush.start.offset.checkpoint.interval.ms = 60000
	log.index.interval.bytes = 4096
	log.index.size.max.bytes = 10485760
	log.message.downconversion.enable = true
	log.message.format.version = 3.0-IV1
	log.message.timestamp.difference.max.ms = 9223372036854775807
	log.message.timestamp.type = CreateTime
	log.preallocate = false
	log.retention.bytes = -1
	log.retention.check.interval.ms = 300000
	log.retention.hours = 168
	log.retention.minutes = null
	log.retention.ms = null
	log.roll.hours = 168
	log.roll.jitter.hours = 0
	log.roll.jitter.ms = null
	log.roll.ms = null
	log.segment.bytes = 1073741824
	log.segment.delete.delay.ms = 1000
	max.connection.creation.rate = 2147483647
	max.connections = 2147483647
	max.connections.per.ip = 2147483647
	max.connections.per.ip.overrides = 
	max.incremental.fetch.session.cache.slots = 1000
	message.max.bytes = 1048588
	metadata.log.dir = null
	metadata.log.max.record.bytes.between.snapshots = 20971520
	metadata.log.max.snapshot.interval.ms = 3600000
	metadata.log.segment.bytes = 1073741824
	metadata.log.segment.min.bytes = 8388608
	metadata.log.segment.ms = 604800000
	metadata.max.idle.interval.ms = 500
	metadata.max.retention.bytes = 104857600
	metadata.max.retention.ms = 604800000
	metric.reporters = []
	metrics.num.samples = 2
	metrics.recording.level = INFO
	metrics.sample.window.ms = 30000
	min.insync.replicas = 1
	node.id = 0
	num.io.threads = 8
	num.network.threads = 3
	num.partitions = 3
	num.recovery.threads.per.data.dir = 1
	num.replica.alter.log.dirs.threads = null
	num.replica.fetchers = 1
	offset.metadata.max.bytes = 4096
	offsets.commit.required.acks = -1
	offsets.commit.timeout.ms = 5000
	offsets.load.buffer.size = 5242880
	offsets.retention.check.interval.ms = 600000
	offsets.retention.minutes = 10080
	offsets.topic.compression.codec = 0
	offsets.topic.num.partitions = 5
	offsets.topic.replication.factor = 1
	offsets.topic.segment.bytes = 104857600
	password.encoder.cipher.algorithm = AES/CBC/PKCS5Padding
	password.encoder.iterations = 4096
	password.encoder.key.length = 128
	password.encoder.keyfactory.algorithm = null
	password.encoder.old.secret = null
	password.encoder.secret = null
	principal.builder.class = class org.apache.kafka.common.security.authenticator.DefaultKafkaPrincipalBuilder
	process.roles = []
	producer.id.expiration.check.interval.ms = 600000
	producer.id.expiration.ms = 86400000
	producer.purgatory.purge.interval.requests = 1000
	queued.max.request.bytes = -1
	queued.max.requests = 500
	quota.window.num = 11
	quota.window.size.seconds = 1
	remote.log.index.file.cache.total.size.bytes = 1073741824
	remote.log.manager.task.interval.ms = 30000
	remote.log.manager.task.retry.backoff.max.ms = 30000
	remote.log.manager.task.retry.backoff.ms = 500
	remote.log.manager.task.retry.jitter = 0.2
	remote.log.manager.thread.pool.size = 10
	remote.log.metadata.manager.class.name = null
	remote.log.metadata.manager.class.path = null
	remote.log.metadata.manager.impl.prefix = null
	remote.log.metadata.manager.listener.name = null
	remote.log.reader.max.pending.tasks = 100
	remote.log.reader.threads = 10
	remote.log.storage.manager.class.name = null
	remote.log.storage.manager.class.path = null
	remote.log.storage.manager.impl.prefix = null
	remote.log.storage.system.enable = false
	replica.fetch.backoff.ms = 1000
	replica.fetch.max.bytes = 1048576
	replica.fetch.min.bytes = 1
	replica.fetch.response.max.bytes = 10485760
	replica.fetch.wait.max.ms = 500
	replica.high.watermark.checkpoint.interval.ms = 9223372036854775807
	replica.lag.time.max.ms = 30000
	replica.selector.class = null
	replica.socket.receive.buffer.bytes = 65536
	replica.socket.timeout.ms = 1000
	replication.quota.window.num = 11
	replication.quota.window.size.seconds = 1
	request.timeout.ms = 30000
	reserved.broker.max.id = 1000
	sasl.client.callback.handler.class = null
	sasl.enabled.mechanisms = [GSSAPI]
	sasl.jaas.config = null
	sasl.kerberos.kinit.cmd = /usr/bin/kinit
	sasl.kerberos.min.time.before.relogin = 60000
	sasl.kerberos.principal.to.local.rules = [DEFAULT]
	sasl.kerberos.service.name = null
	sasl.kerberos.ticket.renew.jitter = 0.05
	sasl.kerberos.ticket.renew.window.factor = 0.8
	sasl.login.callback.handler.class = null
	sasl.login.class = null
	sasl.login.connect.timeout.ms = null
	sasl.login.read.timeout.ms = null
	sasl.login.refresh.buffer.seconds = 300
	sasl.login.refresh.min.period.seconds = 60
	sasl.login.refresh.window.factor = 0.8
	sasl.login.refresh.window.jitter = 0.05
	sasl.login.retry.backoff.max.ms = 10000
	sasl.login.retry.backoff.ms = 100
	sasl.mechanism.controller.protocol = GSSAPI
	sasl.mechanism.inter.broker.protocol = GSSAPI
	sasl.oauthbearer.clock.skew.seconds = 30
	sasl.oauthbearer.expected.audience = null
	sasl.oauthbearer.expected.issuer = null
	sasl.oauthbearer.jwks.endpoint.refresh.ms = 3600000
	sasl.oauthbearer.jwks.endpoint.retry.backoff.max.ms = 10000
	sasl.oauthbearer.jwks.endpoint.retry.backoff.ms = 100
	sasl.oauthbearer.jwks.endpoint.url = null
	sasl.oauthbearer.scope.claim.name = scope
	sasl.oauthbearer.sub.claim.name = sub
	sasl.oauthbearer.token.endpoint.url = null
	sasl.server.callback.handler.class = null
	sasl.server.max.receive.size = 524288
	security.inter.broker.protocol = PLAINTEXT
	security.providers = null
	socket.connection.setup.timeout.max.ms = 30000
	socket.connection.setup.timeout.ms = 10000
	socket.listen.backlog.size = 50
	socket.receive.buffer.bytes = 102400
	socket.request.max.bytes = 104857600
	socket.send.buffer.bytes = 102400
	ssl.cipher.suites = []
	ssl.client.auth = none
	ssl.enabled.protocols = [TLSv1.2, TLSv1.3]
	ssl.endpoint.identification.algorithm = https
	ssl.engine.factory.class = null
	ssl.key.password = null
	ssl.keymanager.algorithm = SunX509
	ssl.keystore.certificate.chain = null
	ssl.keystore.key = null
	ssl.keystore.location = null
	ssl.keystore.password = null
	ssl.keystore.type = JKS
	ssl.principal.mapping.rules = DEFAULT
	ssl.protocol = TLSv1.3
	ssl.provider = null
	ssl.secure.random.implementation = null
	ssl.trustmanager.algorithm = PKIX
	ssl.truststore.certificates = null
	ssl.truststore.location = null
	ssl.truststore.password = null
	ssl.truststore.type = JKS
	transaction.abort.timed.out.transaction.cleanup.interval.ms = 10000
	transaction.max.timeout.ms = 900000
	transaction.remove.expired.transaction.cleanup.interval.ms = 3600000
	transaction.state.log.load.buffer.size = 5242880
	transaction.state.log.min.isr = 2
	transaction.state.log.num.partitions = 50
	transaction.state.log.replication.factor = 3
	transaction.state.log.segment.bytes = 104857600
	transactional.id.expiration.ms = 604800000
	unclean.leader.election.enable = false
	zookeeper.clientCnxnSocket = null
	zookeeper.connect = 127.0.0.1:38243
	zookeeper.connection.timeout.ms = 10000
	zookeeper.max.in.flight.requests = 10
	zookeeper.metadata.migration.enable = false
	zookeeper.session.timeout.ms = 18000
	zookeeper.set.acl = false
	zookeeper.ssl.cipher.suites = null
	zookeeper.ssl.client.enable = false
	zookeeper.ssl.crl.enable = false
	zookeeper.ssl.enabled.protocols = null
	zookeeper.ssl.endpoint.identification.algorithm = HTTPS
	zookeeper.ssl.keystore.location = null
	zookeeper.ssl.keystore.password = null
	zookeeper.ssl.keystore.type = null
	zookeeper.ssl.ocsp.enable = false
	zookeeper.ssl.protocol = TLSv1.2
	zookeeper.ssl.truststore.location = null
	zookeeper.ssl.truststore.password = null
	zookeeper.ssl.truststore.type = null

2025-12-18T19:42:08.416+01:00  INFO 904283 --- [nelReaper-Fetch] lientQuotaManager$ThrottledChannelReaper : [ThrottledChannelReaper-Fetch]: Starting
2025-12-18T19:42:08.416+01:00  INFO 904283 --- [lReaper-Produce] lientQuotaManager$ThrottledChannelReaper : [ThrottledChannelReaper-Produce]: Starting
2025-12-18T19:42:08.417+01:00  INFO 904283 --- [lReaper-Request] lientQuotaManager$ThrottledChannelReaper : [ThrottledChannelReaper-Request]: Starting
2025-12-18T19:42:08.418+01:00  INFO 904283 --- [trollerMutation] lientQuotaManager$ThrottledChannelReaper : [ThrottledChannelReaper-ControllerMutation]: Starting
2025-12-18T19:42:08.431+01:00  INFO 904283 --- [           main] kafka.log.LogManager                     : Loading logs from log dirs ArraySeq(/tmp/spring.kafka.635003f9-41e5-401d-820a-e81dfb26891915377833947908841541)
2025-12-18T19:42:08.433+01:00  INFO 904283 --- [           main] kafka.log.LogManager                     : Attempting recovery for all logs in /tmp/spring.kafka.635003f9-41e5-401d-820a-e81dfb26891915377833947908841541 since no clean shutdown file was found
2025-12-18T19:42:08.438+01:00  INFO 904283 --- [           main] kafka.log.LogManager                     : Loaded 0 logs in 7ms.
2025-12-18T19:42:08.438+01:00  INFO 904283 --- [           main] kafka.log.LogManager                     : Starting log cleanup with a period of 300000 ms.
2025-12-18T19:42:08.439+01:00  INFO 904283 --- [           main] kafka.log.LogManager                     : Starting log flusher with a default period of 9223372036854775807 ms.
2025-12-18T19:42:08.445+01:00  INFO 904283 --- [           main] kafka.log.LogCleaner                     : Starting the log cleaner
2025-12-18T19:42:08.450+01:00  INFO 904283 --- [leaner-thread-0] kafka.log.LogCleaner                     : [kafka-log-cleaner-thread-0]: Starting
2025-12-18T19:42:08.456+01:00  INFO 904283 --- [-process-thread] stener$ChangeNotificationProcessorThread : [feature-zk-node-event-process-thread]: Starting
2025-12-18T19:42:08.460+01:00  INFO 904283 --- [-process-thread] k.server.FinalizedFeatureChangeListener  : Feature ZK node at path: /feature does not exist
2025-12-18T19:42:08.474+01:00  INFO 904283 --- [name=forwarding] k.s.BrokerToControllerRequestThread      : [BrokerToControllerChannelManager broker=0 name=forwarding]: Starting
2025-12-18T19:42:08.640+01:00  INFO 904283 --- [           main] kafka.network.ConnectionQuotas           : Updated connection-accept-rate max connection creation rate to 2147483647
2025-12-18T19:42:08.644+01:00  INFO 904283 --- [           main] kafka.network.DataPlaneAcceptor          : Awaiting socket connections on localhost:44483.
2025-12-18T19:42:08.657+01:00  INFO 904283 --- [           main] kafka.network.SocketServer               : [SocketServer listenerType=ZK_BROKER, nodeId=0] Created data-plane acceptor and processors for endpoint : ListenerName(PLAINTEXT)
2025-12-18T19:42:08.659+01:00  INFO 904283 --- [=alterPartition] k.s.BrokerToControllerRequestThread      : [BrokerToControllerChannelManager broker=0 name=alterPartition]: Starting
2025-12-18T19:42:08.667+01:00  INFO 904283 --- [eaper-0-Produce] perationPurgatory$ExpiredOperationReaper : [ExpirationReaper-0-Produce]: Starting
2025-12-18T19:42:08.667+01:00  INFO 904283 --- [nReaper-0-Fetch] perationPurgatory$ExpiredOperationReaper : [ExpirationReaper-0-Fetch]: Starting
2025-12-18T19:42:08.668+01:00  INFO 904283 --- [0-DeleteRecords] perationPurgatory$ExpiredOperationReaper : [ExpirationReaper-0-DeleteRecords]: Starting
2025-12-18T19:42:08.668+01:00  INFO 904283 --- [r-0-ElectLeader] perationPurgatory$ExpiredOperationReaper : [ExpirationReaper-0-ElectLeader]: Starting
2025-12-18T19:42:08.674+01:00  INFO 904283 --- [rFailureHandler] k.s.ReplicaManager$LogDirFailureHandler  : [LogDirFailureHandler]: Starting
2025-12-18T19:42:08.684+01:00  INFO 904283 --- [           main] kafka.zk.KafkaZkClient                   : Creating /brokers/ids/0 (is it secure? false)
2025-12-18T19:42:08.691+01:00  INFO 904283 --- [           main] kafka.zk.KafkaZkClient                   : Stat of the created znode at /brokers/ids/0 is: 25,25,1766083328688,1766083328688,1,0,0,72067432264761344,204,0,25

2025-12-18T19:42:08.691+01:00  INFO 904283 --- [           main] kafka.zk.KafkaZkClient                   : Registered broker 0 at path /brokers/ids/0 with addresses: PLAINTEXT://localhost:44483, czxid (broker epoch): 25
2025-12-18T19:42:08.726+01:00  INFO 904283 --- [er-event-thread] rollerEventManager$ControllerEventThread : [ControllerEventThread controllerId=0] Starting
2025-12-18T19:42:08.729+01:00  INFO 904283 --- [nReaper-0-topic] perationPurgatory$ExpiredOperationReaper : [ExpirationReaper-0-topic]: Starting
2025-12-18T19:42:08.732+01:00  INFO 904283 --- [per-0-Heartbeat] perationPurgatory$ExpiredOperationReaper : [ExpirationReaper-0-Heartbeat]: Starting
2025-12-18T19:42:08.733+01:00  INFO 904283 --- [per-0-Rebalance] perationPurgatory$ExpiredOperationReaper : [ExpirationReaper-0-Rebalance]: Starting
2025-12-18T19:42:08.739+01:00  INFO 904283 --- [er-event-thread] kafka.zk.KafkaZkClient                   : Successfully created /controller_epoch with initial epoch 0
2025-12-18T19:42:08.742+01:00  INFO 904283 --- [           main] k.coordinator.group.GroupCoordinator     : [GroupCoordinator 0]: Starting up.
2025-12-18T19:42:08.742+01:00  INFO 904283 --- [er-event-thread] kafka.controller.KafkaController         : [Controller id=0] 0 successfully elected as the controller. Epoch incremented to 1 and epoch zk version is now 1
2025-12-18T19:42:08.746+01:00  INFO 904283 --- [er-event-thread] kafka.controller.KafkaController         : [Controller id=0] Creating FeatureZNode at path: /feature with contents: FeatureZNode(2,Enabled,Map())
2025-12-18T19:42:08.747+01:00  INFO 904283 --- [           main] k.coordinator.group.GroupCoordinator     : [GroupCoordinator 0]: Startup complete.
2025-12-18T19:42:08.751+01:00  INFO 904283 --- [ain-EventThread] k.server.FinalizedFeatureChangeListener  : Feature ZK node created at path: /feature
2025-12-18T19:42:08.757+01:00  INFO 904283 --- [           main] k.c.transaction.TransactionCoordinator   : [TransactionCoordinator id=0] Starting up.
2025-12-18T19:42:08.759+01:00  INFO 904283 --- [rSenderThread-0] k.c.t.TransactionMarkerChannelManager    : [Transaction Marker Channel Manager 0]: Starting
2025-12-18T19:42:08.759+01:00  INFO 904283 --- [           main] k.c.transaction.TransactionCoordinator   : [TransactionCoordinator id=0] Startup complete.
2025-12-18T19:42:08.766+01:00  INFO 904283 --- [er-event-thread] kafka.controller.KafkaController         : [Controller id=0] Registering handlers
2025-12-18T19:42:08.766+01:00  INFO 904283 --- [-process-thread] kafka.server.metadata.ZkMetadataCache    : [MetadataCache brokerId=0] Updated cache from existing <empty> to latest FinalizedFeaturesAndEpoch(features=Map(), epoch=0).
2025-12-18T19:42:08.768+01:00  INFO 904283 --- [er-event-thread] kafka.controller.KafkaController         : [Controller id=0] Deleting log dir event notifications
2025-12-18T19:42:08.770+01:00  INFO 904283 --- [er-event-thread] kafka.controller.KafkaController         : [Controller id=0] Deleting isr change notifications
2025-12-18T19:42:08.771+01:00  INFO 904283 --- [er-event-thread] kafka.controller.KafkaController         : [Controller id=0] Initializing controller context
2025-12-18T19:42:08.772+01:00  INFO 904283 --- [per-0-AlterAcls] perationPurgatory$ExpiredOperationReaper : [ExpirationReaper-0-AlterAcls]: Starting
2025-12-18T19:42:08.781+01:00  INFO 904283 --- [er-event-thread] kafka.controller.KafkaController         : [Controller id=0] Initialized broker epochs cache: HashMap(0 -> 25)
2025-12-18T19:42:08.787+01:00  INFO 904283 --- [-process-thread] icationListener$ChangeEventProcessThread : [/config/changes-event-process-thread]: Starting
2025-12-18T19:42:08.790+01:00  INFO 904283 --- [r-0-send-thread] kafka.controller.RequestSendThread       : [RequestSendThread controllerId=0] Starting
2025-12-18T19:42:08.791+01:00  INFO 904283 --- [er-event-thread] kafka.controller.KafkaController         : [Controller id=0] Currently active brokers in the cluster: Set(0)
2025-12-18T19:42:08.791+01:00  INFO 904283 --- [er-event-thread] kafka.controller.KafkaController         : [Controller id=0] Currently shutting brokers in the cluster: HashSet()
2025-12-18T19:42:08.791+01:00  INFO 904283 --- [er-event-thread] kafka.controller.KafkaController         : [Controller id=0] Current list of topics in the cluster: HashSet()
2025-12-18T19:42:08.791+01:00  INFO 904283 --- [er-event-thread] kafka.controller.KafkaController         : [Controller id=0] Fetching topic deletions in progress
2025-12-18T19:42:08.792+01:00  INFO 904283 --- [           main] kafka.network.SocketServer               : [SocketServer listenerType=ZK_BROKER, nodeId=0] Enabling request processing.
2025-12-18T19:42:08.792+01:00  INFO 904283 --- [er-event-thread] kafka.controller.KafkaController         : [Controller id=0] List of topics to be deleted: 
2025-12-18T19:42:08.792+01:00  INFO 904283 --- [er-event-thread] kafka.controller.KafkaController         : [Controller id=0] List of topics ineligible for deletion: 
2025-12-18T19:42:08.792+01:00  INFO 904283 --- [er-event-thread] kafka.controller.KafkaController         : [Controller id=0] Initializing topic deletion manager
2025-12-18T19:42:08.793+01:00  INFO 904283 --- [er-event-thread] kafka.controller.TopicDeletionManager    : [Topic Deletion Manager 0] Initializing manager with initial deletions: Set(), initial ineligible deletions: HashSet()
2025-12-18T19:42:08.794+01:00  INFO 904283 --- [er-event-thread] kafka.controller.KafkaController         : [Controller id=0] Sending update metadata request
2025-12-18T19:42:08.794+01:00  INFO 904283 --- [           main] o.a.kafka.common.utils.AppInfoParser     : Kafka version: 3.4.1
2025-12-18T19:42:08.795+01:00  INFO 904283 --- [           main] o.a.kafka.common.utils.AppInfoParser     : Kafka commitId: 8a516edc2755df89
2025-12-18T19:42:08.795+01:00  INFO 904283 --- [           main] o.a.kafka.common.utils.AppInfoParser     : Kafka startTimeMs: 1766083328793
2025-12-18T19:42:08.796+01:00  INFO 904283 --- [           main] kafka.server.KafkaServer                 : [KafkaServer id=0] started
2025-12-18T19:42:08.796+01:00  INFO 904283 --- [er-event-thread] state.change.logger                      : [Controller id=0 epoch=1] Sending UpdateMetadata request to brokers HashSet(0) for 0 partitions
2025-12-18T19:42:08.798+01:00  INFO 904283 --- [           main] kafka.server.KafkaConfig                 : KafkaConfig values: 
	advertised.listeners = null
	alter.config.policy.class.name = null
	alter.log.dirs.replication.quota.window.num = 11
	alter.log.dirs.replication.quota.window.size.seconds = 1
	authorizer.class.name = 
	auto.create.topics.enable = true
	auto.include.jmx.reporter = true
	auto.leader.rebalance.enable = true
	background.threads = 10
	broker.heartbeat.interval.ms = 2000
	broker.id = 1
	broker.id.generation.enable = true
	broker.rack = null
	broker.session.timeout.ms = 9000
	client.quota.callback.class = null
	compression.type = producer
	connection.failed.authentication.delay.ms = 100
	connections.max.idle.ms = 600000
	connections.max.reauth.ms = 0
	control.plane.listener.name = null
	controlled.shutdown.enable = true
	controlled.shutdown.max.retries = 3
	controlled.shutdown.retry.backoff.ms = 100
	controller.listener.names = null
	controller.quorum.append.linger.ms = 25
	controller.quorum.election.backoff.max.ms = 1000
	controller.quorum.election.timeout.ms = 1000
	controller.quorum.fetch.timeout.ms = 2000
	controller.quorum.request.timeout.ms = 2000
	controller.quorum.retry.backoff.ms = 20
	controller.quorum.voters = []
	controller.quota.window.num = 11
	controller.quota.window.size.seconds = 1
	controller.socket.timeout.ms = 1000
	create.topic.policy.class.name = null
	default.replication.factor = 3
	delegation.token.expiry.check.interval.ms = 3600000
	delegation.token.expiry.time.ms = 86400000
	delegation.token.master.key = null
	delegation.token.max.lifetime.ms = 604800000
	delegation.token.secret.key = null
	delete.records.purgatory.purge.interval.requests = 1
	delete.topic.enable = true
	early.start.listeners = null
	fetch.max.bytes = 57671680
	fetch.purgatory.purge.interval.requests = 1000
	group.initial.rebalance.delay.ms = 0
	group.max.session.timeout.ms = 1800000
	group.max.size = 2147483647
	group.min.session.timeout.ms = 6000
	initial.broker.registration.timeout.ms = 60000
	inter.broker.listener.name = null
	inter.broker.protocol.version = 3.4-IV0
	kafka.metrics.polling.interval.secs = 10
	kafka.metrics.reporters = []
	leader.imbalance.check.interval.seconds = 300
	leader.imbalance.per.broker.percentage = 10
	listener.security.protocol.map = PLAINTEXT:PLAINTEXT,SSL:SSL,SASL_PLAINTEXT:SASL_PLAINTEXT,SASL_SSL:SASL_SSL
	listeners = PLAINTEXT://localhost:0
	log.cleaner.backoff.ms = 15000
	log.cleaner.dedupe.buffer.size = 2097152
	log.cleaner.delete.retention.ms = 86400000
	log.cleaner.enable = true
	log.cleaner.io.buffer.load.factor = 0.9
	log.cleaner.io.buffer.size = 524288
	log.cleaner.io.max.bytes.per.second = 1.7976931348623157E308
	log.cleaner.max.compaction.lag.ms = 9223372036854775807
	log.cleaner.min.cleanable.ratio = 0.5
	log.cleaner.min.compaction.lag.ms = 0
	log.cleaner.threads = 1
	log.cleanup.policy = [delete]
	log.dir = /tmp/spring.kafka.291784e8-7ab3-4e9e-9a15-6ffae553eddb13488790533034100422
	log.dirs = null
	log.flush.interval.messages = 9223372036854775807
	log.flush.interval.ms = null
	log.flush.offset.checkpoint.interval.ms = 60000
	log.flush.scheduler.interval.ms = 9223372036854775807
	log.flush.start.offset.checkpoint.interval.ms = 60000
	log.index.interval.bytes = 4096
	log.index.size.max.bytes = 10485760
	log.message.downconversion.enable = true
	log.message.format.version = 3.0-IV1
	log.message.timestamp.difference.max.ms = 9223372036854775807
	log.message.timestamp.type = CreateTime
	log.preallocate = false
	log.retention.bytes = -1
	log.retention.check.interval.ms = 300000
	log.retention.hours = 168
	log.retention.minutes = null
	log.retention.ms = null
	log.roll.hours = 168
	log.roll.jitter.hours = 0
	log.roll.jitter.ms = null
	log.roll.ms = null
	log.segment.bytes = 1073741824
	log.segment.delete.delay.ms = 1000
	max.connection.creation.rate = 2147483647
	max.connections = 2147483647
	max.connections.per.ip = 2147483647
	max.connections.per.ip.overrides = 
	max.incremental.fetch.session.cache.slots = 1000
	message.max.bytes = 1048588
	metadata.log.dir = null
	metadata.log.max.record.bytes.between.snapshots = 20971520
	metadata.log.max.snapshot.interval.ms = 3600000
	metadata.log.segment.bytes = 1073741824
	metadata.log.segment.min.bytes = 8388608
	metadata.log.segment.ms = 604800000
	metadata.max.idle.interval.ms = 500
	metadata.max.retention.bytes = 104857600
	metadata.max.retention.ms = 604800000
	metric.reporters = []
	metrics.num.samples = 2
	metrics.recording.level = INFO
	metrics.sample.window.ms = 30000
	min.insync.replicas = 1
	node.id = 1
	num.io.threads = 8
	num.network.threads = 3
	num.partitions = 3
	num.recovery.threads.per.data.dir = 1
	num.replica.alter.log.dirs.threads = null
	num.replica.fetchers = 1
	offset.metadata.max.bytes = 4096
	offsets.commit.required.acks = -1
	offsets.commit.timeout.ms = 5000
	offsets.load.buffer.size = 5242880
	offsets.retention.check.interval.ms = 600000
	offsets.retention.minutes = 10080
	offsets.topic.compression.codec = 0
	offsets.topic.num.partitions = 5
	offsets.topic.replication.factor = 1
	offsets.topic.segment.bytes = 104857600
	password.encoder.cipher.algorithm = AES/CBC/PKCS5Padding
	password.encoder.iterations = 4096
	password.encoder.key.length = 128
	password.encoder.keyfactory.algorithm = null
	password.encoder.old.secret = null
	password.encoder.secret = null
	principal.builder.class = class org.apache.kafka.common.security.authenticator.DefaultKafkaPrincipalBuilder
	process.roles = []
	producer.id.expiration.check.interval.ms = 600000
	producer.id.expiration.ms = 86400000
	producer.purgatory.purge.interval.requests = 1000
	queued.max.request.bytes = -1
	queued.max.requests = 500
	quota.window.num = 11
	quota.window.size.seconds = 1
	remote.log.index.file.cache.total.size.bytes = 1073741824
	remote.log.manager.task.interval.ms = 30000
	remote.log.manager.task.retry.backoff.max.ms = 30000
	remote.log.manager.task.retry.backoff.ms = 500
	remote.log.manager.task.retry.jitter = 0.2
	remote.log.manager.thread.pool.size = 10
	remote.log.metadata.manager.class.name = null
	remote.log.metadata.manager.class.path = null
	remote.log.metadata.manager.impl.prefix = null
	remote.log.metadata.manager.listener.name = null
	remote.log.reader.max.pending.tasks = 100
	remote.log.reader.threads = 10
	remote.log.storage.manager.class.name = null
	remote.log.storage.manager.class.path = null
	remote.log.storage.manager.impl.prefix = null
	remote.log.storage.system.enable = false
[...]
2025-12-18T19:42:10.410+01:00  INFO 904283 --- [quest-handler-5] kafka.log.LogManager                     : Created log for partition product-created-events-topic-2 in /tmp/spring.kafka.635003f9-41e5-401d-820a-e81dfb26891915377833947908841541/product-created-events-topic-2 with properties {min.insync.replicas=2}
2025-12-18T19:42:10.410+01:00  INFO 904283 --- [quest-handler-4] kafka.log.LogManager                     : Created log for partition product-created-events-topic-2 in /tmp/spring.kafka.643f051f-c5df-421d-9d14-beeb23cd1b3a11902755613502002811/product-created-events-topic-2 with properties {min.insync.replicas=2}
2025-12-18T19:42:10.411+01:00  INFO 904283 --- [quest-handler-4] kafka.cluster.Partition                  : [Partition product-created-events-topic-1 broker=1] No checkpointed highwatermark is found for partition product-created-events-topic-1
2025-12-18T19:42:10.411+01:00  INFO 904283 --- [quest-handler-5] kafka.cluster.Partition                  : [Partition product-created-events-topic-2 broker=0] No checkpointed highwatermark is found for partition product-created-events-topic-2
2025-12-18T19:42:10.411+01:00  INFO 904283 --- [quest-handler-4] kafka.cluster.Partition                  : [Partition product-created-events-topic-2 broker=2] No checkpointed highwatermark is found for partition product-created-events-topic-2
2025-12-18T19:42:10.411+01:00  INFO 904283 --- [quest-handler-4] kafka.cluster.Partition                  : [Partition product-created-events-topic-1 broker=1] Log loaded for partition product-created-events-topic-1 with initial high watermark 0
2025-12-18T19:42:10.411+01:00  INFO 904283 --- [quest-handler-5] kafka.cluster.Partition                  : [Partition product-created-events-topic-2 broker=0] Log loaded for partition product-created-events-topic-2 with initial high watermark 0
2025-12-18T19:42:10.411+01:00  INFO 904283 --- [quest-handler-4] kafka.cluster.Partition                  : [Partition product-created-events-topic-2 broker=2] Log loaded for partition product-created-events-topic-2 with initial high watermark 0
2025-12-18T19:42:10.412+01:00  INFO 904283 --- [quest-handler-5] state.change.logger                      : [Broker id=0] Follower product-created-events-topic-2 starts at leader epoch 0 from offset 0 with partition epoch 0 and high watermark 0. Current leader is 1. Previous leader epoch was -1.
2025-12-18T19:42:10.412+01:00  INFO 904283 --- [quest-handler-4] state.change.logger                      : [Broker id=2] Follower product-created-events-topic-2 starts at leader epoch 0 from offset 0 with partition epoch 0 and high watermark 0. Current leader is 1. Previous leader epoch was -1.
2025-12-18T19:42:10.412+01:00  INFO 904283 --- [quest-handler-4] state.change.logger                      : [Broker id=1] Follower product-created-events-topic-1 starts at leader epoch 0 from offset 0 with partition epoch 0 and high watermark 0. Current leader is 2. Previous leader epoch was -1.
2025-12-18T19:42:10.415+01:00  INFO 904283 --- [quest-handler-4] kafka.log.UnifiedLog$                    : [LogLoader partition=product-created-events-topic-0, dir=/tmp/spring.kafka.643f051f-c5df-421d-9d14-beeb23cd1b3a11902755613502002811] Loading producer state till offset 0 with message format version 2
2025-12-18T19:42:10.415+01:00  INFO 904283 --- [quest-handler-4] kafka.log.UnifiedLog$                    : [LogLoader partition=product-created-events-topic-0, dir=/tmp/spring.kafka.291784e8-7ab3-4e9e-9a15-6ffae553eddb13488790533034100422] Loading producer state till offset 0 with message format version 2
2025-12-18T19:42:10.415+01:00  INFO 904283 --- [quest-handler-5] kafka.log.UnifiedLog$                    : [LogLoader partition=product-created-events-topic-1, dir=/tmp/spring.kafka.635003f9-41e5-401d-820a-e81dfb26891915377833947908841541] Loading producer state till offset 0 with message format version 2
2025-12-18T19:42:10.415+01:00  INFO 904283 --- [quest-handler-4] kafka.log.LogManager                     : Created log for partition product-created-events-topic-0 in /tmp/spring.kafka.291784e8-7ab3-4e9e-9a15-6ffae553eddb13488790533034100422/product-created-events-topic-0 with properties {min.insync.replicas=2}
2025-12-18T19:42:10.415+01:00  INFO 904283 --- [quest-handler-4] kafka.log.LogManager                     : Created log for partition product-created-events-topic-0 in /tmp/spring.kafka.643f051f-c5df-421d-9d14-beeb23cd1b3a11902755613502002811/product-created-events-topic-0 with properties {min.insync.replicas=2}
2025-12-18T19:42:10.416+01:00  INFO 904283 --- [quest-handler-4] kafka.cluster.Partition                  : [Partition product-created-events-topic-0 broker=2] No checkpointed highwatermark is found for partition product-created-events-topic-0
2025-12-18T19:42:10.416+01:00  INFO 904283 --- [quest-handler-5] kafka.log.LogManager                     : Created log for partition product-created-events-topic-1 in /tmp/spring.kafka.635003f9-41e5-401d-820a-e81dfb26891915377833947908841541/product-created-events-topic-1 with properties {min.insync.replicas=2}
2025-12-18T19:42:10.416+01:00  INFO 904283 --- [quest-handler-4] kafka.cluster.Partition                  : [Partition product-created-events-topic-0 broker=1] No checkpointed highwatermark is found for partition product-created-events-topic-0
2025-12-18T19:42:10.416+01:00  INFO 904283 --- [quest-handler-4] kafka.cluster.Partition                  : [Partition product-created-events-topic-0 broker=2] Log loaded for partition product-created-events-topic-0 with initial high watermark 0
2025-12-18T19:42:10.416+01:00  INFO 904283 --- [quest-handler-5] kafka.cluster.Partition                  : [Partition product-created-events-topic-1 broker=0] No checkpointed highwatermark is found for partition product-created-events-topic-1
2025-12-18T19:42:10.416+01:00  INFO 904283 --- [quest-handler-4] kafka.cluster.Partition                  : [Partition product-created-events-topic-0 broker=1] Log loaded for partition product-created-events-topic-0 with initial high watermark 0
2025-12-18T19:42:10.416+01:00  INFO 904283 --- [quest-handler-4] state.change.logger                      : [Broker id=2] Follower product-created-events-topic-0 starts at leader epoch 0 from offset 0 with partition epoch 0 and high watermark 0. Current leader is 0. Previous leader epoch was -1.
2025-12-18T19:42:10.416+01:00  INFO 904283 --- [quest-handler-4] state.change.logger                      : [Broker id=1] Follower product-created-events-topic-0 starts at leader epoch 0 from offset 0 with partition epoch 0 and high watermark 0. Current leader is 0. Previous leader epoch was -1.
2025-12-18T19:42:10.416+01:00  INFO 904283 --- [quest-handler-5] kafka.cluster.Partition                  : [Partition product-created-events-topic-1 broker=0] Log loaded for partition product-created-events-topic-1 with initial high watermark 0
2025-12-18T19:42:10.416+01:00  INFO 904283 --- [quest-handler-5] state.change.logger                      : [Broker id=0] Follower product-created-events-topic-1 starts at leader epoch 0 from offset 0 with partition epoch 0 and high watermark 0. Current leader is 2. Previous leader epoch was -1.
2025-12-18T19:42:10.416+01:00  INFO 904283 --- [quest-handler-4] kafka.server.ReplicaFetcherManager       : [ReplicaFetcherManager on broker 1] Removed fetcher for partitions HashSet(product-created-events-topic-0, product-created-events-topic-1)
2025-12-18T19:42:10.416+01:00  INFO 904283 --- [quest-handler-4] kafka.server.ReplicaFetcherManager       : [ReplicaFetcherManager on broker 2] Removed fetcher for partitions HashSet(product-created-events-topic-0, product-created-events-topic-2)
2025-12-18T19:42:10.416+01:00  INFO 904283 --- [quest-handler-5] kafka.server.ReplicaFetcherManager       : [ReplicaFetcherManager on broker 0] Removed fetcher for partitions HashSet(product-created-events-topic-1, product-created-events-topic-2)
2025-12-18T19:42:10.417+01:00  INFO 904283 --- [quest-handler-4] state.change.logger                      : [Broker id=1] Stopped fetchers as part of become-follower request from controller 0 epoch 1 with correlation id 2 for 2 partitions
2025-12-18T19:42:10.417+01:00  INFO 904283 --- [quest-handler-5] state.change.logger                      : [Broker id=0] Stopped fetchers as part of become-follower request from controller 0 epoch 1 with correlation id 3 for 2 partitions
2025-12-18T19:42:10.417+01:00  INFO 904283 --- [quest-handler-4] state.change.logger                      : [Broker id=2] Stopped fetchers as part of become-follower request from controller 0 epoch 1 with correlation id 1 for 2 partitions
2025-12-18T19:42:10.432+01:00  INFO 904283 --- [tcherThread-0-0] kafka.server.ReplicaFetcherThread        : [ReplicaFetcher replicaId=1, leaderId=0, fetcherId=0] Starting
2025-12-18T19:42:10.433+01:00  INFO 904283 --- [tcherThread-0-1] kafka.server.ReplicaFetcherThread        : [ReplicaFetcher replicaId=0, leaderId=1, fetcherId=0] Starting
2025-12-18T19:42:10.433+01:00  INFO 904283 --- [tcherThread-0-0] kafka.server.ReplicaFetcherThread        : [ReplicaFetcher replicaId=2, leaderId=0, fetcherId=0] Starting
2025-12-18T19:42:10.434+01:00  INFO 904283 --- [quest-handler-4] kafka.server.ReplicaFetcherManager       : [ReplicaFetcherManager on broker 1] Added fetcher to broker 0 for partitions Map(product-created-events-topic-0 -> InitialFetchState(Some(tUi3_fI-TTe7Vr_9tc-xsw),BrokerEndPoint(id=0, host=localhost:44483),0,0))
2025-12-18T19:42:10.434+01:00  INFO 904283 --- [quest-handler-4] kafka.server.ReplicaFetcherManager       : [ReplicaFetcherManager on broker 2] Added fetcher to broker 0 for partitions Map(product-created-events-topic-0 -> InitialFetchState(Some(tUi3_fI-TTe7Vr_9tc-xsw),BrokerEndPoint(id=0, host=localhost:44483),0,0))
2025-12-18T19:42:10.434+01:00  INFO 904283 --- [quest-handler-5] kafka.server.ReplicaFetcherManager       : [ReplicaFetcherManager on broker 0] Added fetcher to broker 1 for partitions Map(product-created-events-topic-2 -> InitialFetchState(Some(tUi3_fI-TTe7Vr_9tc-xsw),BrokerEndPoint(id=1, host=localhost:33999),0,0))
2025-12-18T19:42:10.435+01:00  INFO 904283 --- [tcherThread-0-0] kafka.server.ReplicaFetcherThread        : [ReplicaFetcher replicaId=1, leaderId=0, fetcherId=0] Truncating partition product-created-events-topic-0 with TruncationState(offset=0, completed=true) due to local high watermark 0
2025-12-18T19:42:10.435+01:00  INFO 904283 --- [tcherThread-0-1] kafka.server.ReplicaFetcherThread        : [ReplicaFetcher replicaId=0, leaderId=1, fetcherId=0] Truncating partition product-created-events-topic-2 with TruncationState(offset=0, completed=true) due to local high watermark 0
2025-12-18T19:42:10.435+01:00  INFO 904283 --- [tcherThread-0-0] kafka.server.ReplicaFetcherThread        : [ReplicaFetcher replicaId=2, leaderId=0, fetcherId=0] Truncating partition product-created-events-topic-0 with TruncationState(offset=0, completed=true) due to local high watermark 0
2025-12-18T19:42:10.437+01:00  INFO 904283 --- [tcherThread-0-2] kafka.server.ReplicaFetcherThread        : [ReplicaFetcher replicaId=1, leaderId=2, fetcherId=0] Starting
2025-12-18T19:42:10.437+01:00  INFO 904283 --- [tcherThread-0-1] kafka.server.ReplicaFetcherThread        : [ReplicaFetcher replicaId=2, leaderId=1, fetcherId=0] Starting
2025-12-18T19:42:10.437+01:00  INFO 904283 --- [quest-handler-4] kafka.server.ReplicaFetcherManager       : [ReplicaFetcherManager on broker 1] Added fetcher to broker 2 for partitions Map(product-created-events-topic-1 -> InitialFetchState(Some(tUi3_fI-TTe7Vr_9tc-xsw),BrokerEndPoint(id=2, host=localhost:44493),0,0))
2025-12-18T19:42:10.437+01:00  INFO 904283 --- [quest-handler-4] kafka.server.ReplicaFetcherManager       : [ReplicaFetcherManager on broker 2] Added fetcher to broker 1 for partitions Map(product-created-events-topic-2 -> InitialFetchState(Some(tUi3_fI-TTe7Vr_9tc-xsw),BrokerEndPoint(id=1, host=localhost:33999),0,0))
2025-12-18T19:42:10.437+01:00  INFO 904283 --- [tcherThread-0-0] kafka.log.UnifiedLog                     : [UnifiedLog partition=product-created-events-topic-0, dir=/tmp/spring.kafka.291784e8-7ab3-4e9e-9a15-6ffae553eddb13488790533034100422] Truncating to 0 has no effect as the largest offset in the log is -1
2025-12-18T19:42:10.437+01:00  INFO 904283 --- [tcherThread-0-1] kafka.server.ReplicaFetcherThread        : [ReplicaFetcher replicaId=2, leaderId=1, fetcherId=0] Truncating partition product-created-events-topic-2 with TruncationState(offset=0, completed=true) due to local high watermark 0
2025-12-18T19:42:10.437+01:00  INFO 904283 --- [tcherThread-0-1] kafka.log.UnifiedLog                     : [UnifiedLog partition=product-created-events-topic-2, dir=/tmp/spring.kafka.635003f9-41e5-401d-820a-e81dfb26891915377833947908841541] Truncating to 0 has no effect as the largest offset in the log is -1
2025-12-18T19:42:10.437+01:00  INFO 904283 --- [tcherThread-0-0] kafka.log.UnifiedLog                     : [UnifiedLog partition=product-created-events-topic-0, dir=/tmp/spring.kafka.643f051f-c5df-421d-9d14-beeb23cd1b3a11902755613502002811] Truncating to 0 has no effect as the largest offset in the log is -1
2025-12-18T19:42:10.437+01:00  INFO 904283 --- [tcherThread-0-1] kafka.log.UnifiedLog                     : [UnifiedLog partition=product-created-events-topic-2, dir=/tmp/spring.kafka.643f051f-c5df-421d-9d14-beeb23cd1b3a11902755613502002811] Truncating to 0 has no effect as the largest offset in the log is -1
2025-12-18T19:42:10.437+01:00  INFO 904283 --- [quest-handler-5] kafka.server.ReplicaFetcherManager       : [ReplicaFetcherManager on broker 0] Added fetcher to broker 2 for partitions Map(product-created-events-topic-1 -> InitialFetchState(Some(tUi3_fI-TTe7Vr_9tc-xsw),BrokerEndPoint(id=2, host=localhost:44493),0,0))
2025-12-18T19:42:10.437+01:00  INFO 904283 --- [tcherThread-0-2] kafka.server.ReplicaFetcherThread        : [ReplicaFetcher replicaId=0, leaderId=2, fetcherId=0] Starting
2025-12-18T19:42:10.437+01:00  INFO 904283 --- [tcherThread-0-2] kafka.server.ReplicaFetcherThread        : [ReplicaFetcher replicaId=1, leaderId=2, fetcherId=0] Truncating partition product-created-events-topic-1 with TruncationState(offset=0, completed=true) due to local high watermark 0
2025-12-18T19:42:10.437+01:00  INFO 904283 --- [tcherThread-0-2] kafka.server.ReplicaFetcherThread        : [ReplicaFetcher replicaId=0, leaderId=2, fetcherId=0] Truncating partition product-created-events-topic-1 with TruncationState(offset=0, completed=true) due to local high watermark 0
2025-12-18T19:42:10.437+01:00  INFO 904283 --- [tcherThread-0-2] kafka.log.UnifiedLog                     : [UnifiedLog partition=product-created-events-topic-1, dir=/tmp/spring.kafka.635003f9-41e5-401d-820a-e81dfb26891915377833947908841541] Truncating to 0 has no effect as the largest offset in the log is -1
2025-12-18T19:42:10.437+01:00  INFO 904283 --- [tcherThread-0-2] kafka.log.UnifiedLog                     : [UnifiedLog partition=product-created-events-topic-1, dir=/tmp/spring.kafka.291784e8-7ab3-4e9e-9a15-6ffae553eddb13488790533034100422] Truncating to 0 has no effect as the largest offset in the log is -1
2025-12-18T19:42:10.447+01:00  INFO 904283 --- [quest-handler-4] state.change.logger                      : [Broker id=2] Finished LeaderAndIsr request in 176ms correlationId 1 from controller 0 for 3 partitions
2025-12-18T19:42:10.447+01:00  INFO 904283 --- [quest-handler-5] state.change.logger                      : [Broker id=0] Finished LeaderAndIsr request in 176ms correlationId 3 from controller 0 for 3 partitions
2025-12-18T19:42:10.447+01:00  INFO 904283 --- [quest-handler-4] state.change.logger                      : [Broker id=1] Finished LeaderAndIsr request in 176ms correlationId 2 from controller 0 for 3 partitions
2025-12-18T19:42:10.455+01:00  INFO 904283 --- [quest-handler-2] state.change.logger                      : [Broker id=1] Add 3 partitions and deleted 0 partitions from metadata cache in response to UpdateMetadata request sent by controller 0 epoch 1 with correlation id 3
2025-12-18T19:42:10.455+01:00  INFO 904283 --- [quest-handler-6] state.change.logger                      : [Broker id=0] Add 3 partitions and deleted 0 partitions from metadata cache in response to UpdateMetadata request sent by controller 0 epoch 1 with correlation id 4
2025-12-18T19:42:10.455+01:00  INFO 904283 --- [quest-handler-3] state.change.logger                      : [Broker id=2] Add 3 partitions and deleted 0 partitions from metadata cache in response to UpdateMetadata request sent by controller 0 epoch 1 with correlation id 2
2025-12-18T19:42:10.464+01:00  INFO 904283 --- [| adminclient-2] o.a.kafka.common.utils.AppInfoParser     : App info kafka.admin.client for adminclient-2 unregistered
2025-12-18T19:42:10.465+01:00  INFO 904283 --- [| adminclient-2] o.apache.kafka.common.metrics.Metrics    : Metrics scheduler closed
2025-12-18T19:42:10.465+01:00  INFO 904283 --- [| adminclient-2] o.apache.kafka.common.metrics.Metrics    : Closing reporter org.apache.kafka.common.metrics.JmxReporter
2025-12-18T19:42:10.466+01:00  INFO 904283 --- [| adminclient-2] o.apache.kafka.common.metrics.Metrics    : Metrics reporters closed
2025-12-18T19:42:10.470+01:00  WARN 904283 --- [tcherThread-0-1] kafka.server.ReplicaFetcherThread        : [ReplicaFetcher replicaId=0, leaderId=1, fetcherId=0] Received UNKNOWN_TOPIC_ID from the leader for partition product-created-events-topic-2. This error may be returned transiently when the partition is being created or deleted, but it is not expected to persist.
2025-12-18T19:42:10.470+01:00  WARN 904283 --- [tcherThread-0-2] kafka.server.ReplicaFetcherThread        : [ReplicaFetcher replicaId=0, leaderId=2, fetcherId=0] Received UNKNOWN_TOPIC_ID from the leader for partition product-created-events-topic-1. This error may be returned transiently when the partition is being created or deleted, but it is not expected to persist.
2025-12-18T19:42:10.470+01:00  WARN 904283 --- [tcherThread-0-2] kafka.server.ReplicaFetcherThread        : [ReplicaFetcher replicaId=1, leaderId=2, fetcherId=0] Received UNKNOWN_TOPIC_ID from the leader for partition product-created-events-topic-1. This error may be returned transiently when the partition is being created or deleted, but it is not expected to persist.
2025-12-18T19:42:10.470+01:00  WARN 904283 --- [tcherThread-0-0] kafka.server.ReplicaFetcherThread        : [ReplicaFetcher replicaId=1, leaderId=0, fetcherId=0] Received UNKNOWN_TOPIC_ID from the leader for partition product-created-events-topic-0. This error may be returned transiently when the partition is being created or deleted, but it is not expected to persist.
2025-12-18T19:42:10.470+01:00  WARN 904283 --- [tcherThread-0-0] kafka.server.ReplicaFetcherThread        : [ReplicaFetcher replicaId=2, leaderId=0, fetcherId=0] Received UNKNOWN_TOPIC_ID from the leader for partition product-created-events-topic-0. This error may be returned transiently when the partition is being created or deleted, but it is not expected to persist.
2025-12-18T19:42:10.470+01:00  WARN 904283 --- [tcherThread-0-1] kafka.server.ReplicaFetcherThread        : [ReplicaFetcher replicaId=2, leaderId=1, fetcherId=0] Received UNKNOWN_TOPIC_ID from the leader for partition product-created-events-topic-2. This error may be returned transiently when the partition is being created or deleted, but it is not expected to persist.
2025-12-18T19:42:10.484+01:00  INFO 904283 --- [           main] c.a.w.p.ProductsServiceIntegrationTest   : Started ProductsServiceIntegrationTest in 2.677 seconds (process running for 3.142)
]]></system-out>
  </testcase>
</testsuite>